{"/Users/amankoli/Documents/dealvault-platform-escrow/backend/controllers/authController.js": {"path":"/Users/amankoli/Documents/dealvault-platform-escrow/backend/controllers/authController.js","statementMap":{"0":{"start":{"line":1,"column":13},"end":{"line":1,"column":38}},"1":{"start":{"line":2,"column":12},"end":{"line":2,"column":35}},"2":{"start":{"line":3,"column":15},"end":{"line":3,"column":32}},"3":{"start":{"line":4,"column":14},"end":{"line":4,"column":30}},"4":{"start":{"line":5,"column":17},"end":{"line":5,"column":45}},"5":{"start":{"line":9,"column":18},"end":{"line":12,"column":4}},"6":{"start":{"line":10,"column":2},"end":{"line":12,"column":4}},"7":{"start":{"line":14,"column":26},"end":{"line":35,"column":1}},"8":{"start":{"line":15,"column":16},"end":{"line":15,"column":35}},"9":{"start":{"line":17,"column":24},"end":{"line":23,"column":3}},"10":{"start":{"line":24,"column":2},"end":{"line":24,"column":73}},"11":{"start":{"line":24,"column":45},"end":{"line":24,"column":73}},"12":{"start":{"line":26,"column":2},"end":{"line":26,"column":42}},"13":{"start":{"line":28,"column":2},"end":{"line":34,"column":5}},"14":{"start":{"line":42,"column":0},"end":{"line":69,"column":2}},"15":{"start":{"line":43,"column":2},"end":{"line":68,"column":3}},"16":{"start":{"line":44,"column":44},"end":{"line":44,"column":52}},"17":{"start":{"line":47,"column":21},"end":{"line":47,"column":78}},"18":{"start":{"line":48,"column":4},"end":{"line":50,"column":5}},"19":{"start":{"line":49,"column":6},"end":{"line":49,"column":83}},"20":{"start":{"line":52,"column":17},"end":{"line":57,"column":6}},"21":{"start":{"line":60,"column":4},"end":{"line":60,"column":34}},"22":{"start":{"line":61,"column":4},"end":{"line":61,"column":32}},"23":{"start":{"line":62,"column":4},"end":{"line":62,"column":51}},"24":{"start":{"line":64,"column":4},"end":{"line":64,"column":38}},"25":{"start":{"line":66,"column":4},"end":{"line":66,"column":46}},"26":{"start":{"line":67,"column":4},"end":{"line":67,"column":92}},"27":{"start":{"line":74,"column":0},"end":{"line":103,"column":2}},"28":{"start":{"line":75,"column":2},"end":{"line":102,"column":3}},"29":{"start":{"line":76,"column":32},"end":{"line":76,"column":40}},"30":{"start":{"line":79,"column":17},"end":{"line":79,"column":58}},"31":{"start":{"line":80,"column":4},"end":{"line":82,"column":5}},"32":{"start":{"line":81,"column":6},"end":{"line":81,"column":67}},"33":{"start":{"line":85,"column":20},"end":{"line":85,"column":56}},"34":{"start":{"line":86,"column":4},"end":{"line":88,"column":5}},"35":{"start":{"line":87,"column":6},"end":{"line":87,"column":67}},"36":{"start":{"line":91,"column":4},"end":{"line":93,"column":5}},"37":{"start":{"line":92,"column":6},"end":{"line":92,"column":97}},"38":{"start":{"line":96,"column":4},"end":{"line":96,"column":34}},"39":{"start":{"line":97,"column":4},"end":{"line":97,"column":51}},"40":{"start":{"line":99,"column":4},"end":{"line":99,"column":38}},"41":{"start":{"line":101,"column":4},"end":{"line":101,"column":14}},"42":{"start":{"line":108,"column":0},"end":{"line":124,"column":2}},"43":{"start":{"line":109,"column":2},"end":{"line":123,"column":3}},"44":{"start":{"line":110,"column":17},"end":{"line":110,"column":50}},"45":{"start":{"line":111,"column":4},"end":{"line":113,"column":5}},"46":{"start":{"line":112,"column":6},"end":{"line":112,"column":56}},"47":{"start":{"line":115,"column":4},"end":{"line":120,"column":7}},"48":{"start":{"line":122,"column":4},"end":{"line":122,"column":14}},"49":{"start":{"line":129,"column":0},"end":{"line":150,"column":2}},"50":{"start":{"line":130,"column":2},"end":{"line":149,"column":3}},"51":{"start":{"line":131,"column":45},"end":{"line":131,"column":53}},"52":{"start":{"line":133,"column":17},"end":{"line":133,"column":70}},"53":{"start":{"line":134,"column":4},"end":{"line":136,"column":5}},"54":{"start":{"line":135,"column":6},"end":{"line":135,"column":56}},"55":{"start":{"line":138,"column":20},"end":{"line":138,"column":63}},"56":{"start":{"line":139,"column":4},"end":{"line":141,"column":5}},"57":{"start":{"line":140,"column":6},"end":{"line":140,"column":71}},"58":{"start":{"line":143,"column":4},"end":{"line":143,"column":32}},"59":{"start":{"line":144,"column":4},"end":{"line":144,"column":22}},"60":{"start":{"line":146,"column":4},"end":{"line":146,"column":38}},"61":{"start":{"line":148,"column":4},"end":{"line":148,"column":14}},"62":{"start":{"line":155,"column":0},"end":{"line":172,"column":2}},"63":{"start":{"line":156,"column":2},"end":{"line":171,"column":3}},"64":{"start":{"line":157,"column":21},"end":{"line":157,"column":29}},"65":{"start":{"line":158,"column":4},"end":{"line":160,"column":5}},"66":{"start":{"line":159,"column":6},"end":{"line":159,"column":64}},"67":{"start":{"line":161,"column":17},"end":{"line":161,"column":50}},"68":{"start":{"line":162,"column":4},"end":{"line":162,"column":21}},"69":{"start":{"line":163,"column":4},"end":{"line":163,"column":51}},"70":{"start":{"line":165,"column":4},"end":{"line":168,"column":7}},"71":{"start":{"line":170,"column":4},"end":{"line":170,"column":14}},"72":{"start":{"line":177,"column":0},"end":{"line":197,"column":2}},"73":{"start":{"line":178,"column":2},"end":{"line":196,"column":3}},"74":{"start":{"line":179,"column":59},"end":{"line":179,"column":67}},"75":{"start":{"line":180,"column":17},"end":{"line":180,"column":50}},"76":{"start":{"line":181,"column":4},"end":{"line":181,"column":65}},"77":{"start":{"line":181,"column":15},"end":{"line":181,"column":65}},"78":{"start":{"line":183,"column":4},"end":{"line":183,"column":68}},"79":{"start":{"line":183,"column":36},"end":{"line":183,"column":68}},"80":{"start":{"line":184,"column":4},"end":{"line":184,"column":67}},"81":{"start":{"line":184,"column":36},"end":{"line":184,"column":67}},"82":{"start":{"line":185,"column":4},"end":{"line":185,"column":69}},"83":{"start":{"line":185,"column":36},"end":{"line":185,"column":69}},"84":{"start":{"line":186,"column":4},"end":{"line":186,"column":60}},"85":{"start":{"line":186,"column":36},"end":{"line":186,"column":60}},"86":{"start":{"line":188,"column":4},"end":{"line":188,"column":51}},"87":{"start":{"line":190,"column":4},"end":{"line":193,"column":7}},"88":{"start":{"line":195,"column":4},"end":{"line":195,"column":14}},"89":{"start":{"line":205,"column":0},"end":{"line":212,"column":2}},"90":{"start":{"line":206,"column":17},"end":{"line":210,"column":4}},"91":{"start":{"line":211,"column":2},"end":{"line":211,"column":69}},"92":{"start":{"line":218,"column":0},"end":{"line":308,"column":2}},"93":{"start":{"line":219,"column":2},"end":{"line":307,"column":3}},"94":{"start":{"line":220,"column":21},"end":{"line":220,"column":30}},"95":{"start":{"line":221,"column":4},"end":{"line":221,"column":76}},"96":{"start":{"line":221,"column":15},"end":{"line":221,"column":76}},"97":{"start":{"line":224,"column":21},"end":{"line":233,"column":5}},"98":{"start":{"line":235,"column":36},"end":{"line":235,"column":49}},"99":{"start":{"line":236,"column":4},"end":{"line":238,"column":5}},"100":{"start":{"line":237,"column":6},"end":{"line":237,"column":78}},"101":{"start":{"line":241,"column":36},"end":{"line":248,"column":6}},"102":{"start":{"line":250,"column":26},"end":{"line":250,"column":41}},"103":{"start":{"line":251,"column":25},"end":{"line":251,"column":39}},"104":{"start":{"line":255,"column":6},"end":{"line":258,"column":25}},"105":{"start":{"line":255,"column":26},"end":{"line":255,"column":49}},"106":{"start":{"line":256,"column":26},"end":{"line":256,"column":35}},"107":{"start":{"line":260,"column":4},"end":{"line":262,"column":5}},"108":{"start":{"line":261,"column":6},"end":{"line":261,"column":158}},"109":{"start":{"line":265,"column":15},"end":{"line":265,"column":66}},"110":{"start":{"line":267,"column":4},"end":{"line":270,"column":5}},"111":{"start":{"line":269,"column":6},"end":{"line":269,"column":78}},"112":{"start":{"line":272,"column":4},"end":{"line":297,"column":5}},"113":{"start":{"line":274,"column":6},"end":{"line":274,"column":53}},"114":{"start":{"line":275,"column":6},"end":{"line":275,"column":48}},"115":{"start":{"line":276,"column":6},"end":{"line":276,"column":53}},"116":{"start":{"line":277,"column":6},"end":{"line":277,"column":63}},"117":{"start":{"line":277,"column":24},"end":{"line":277,"column":63}},"118":{"start":{"line":278,"column":6},"end":{"line":278,"column":39}},"119":{"start":{"line":279,"column":6},"end":{"line":279,"column":37}},"120":{"start":{"line":280,"column":6},"end":{"line":280,"column":34}},"121":{"start":{"line":281,"column":6},"end":{"line":281,"column":53}},"122":{"start":{"line":284,"column":6},"end":{"line":296,"column":9}},"123":{"start":{"line":300,"column":18},"end":{"line":300,"column":37}},"124":{"start":{"line":301,"column":22},"end":{"line":301,"column":71}},"125":{"start":{"line":302,"column":4},"end":{"line":302,"column":62}},"126":{"start":{"line":304,"column":4},"end":{"line":304,"column":46}},"127":{"start":{"line":305,"column":22},"end":{"line":305,"column":71}},"128":{"start":{"line":306,"column":4},"end":{"line":306,"column":120}},"129":{"start":{"line":313,"column":0},"end":{"line":323,"column":2}},"130":{"start":{"line":314,"column":2},"end":{"line":317,"column":5}},"131":{"start":{"line":319,"column":2},"end":{"line":322,"column":5}},"132":{"start":{"line":328,"column":0},"end":{"line":356,"column":2}},"133":{"start":{"line":329,"column":2},"end":{"line":355,"column":3}},"134":{"start":{"line":330,"column":30},"end":{"line":330,"column":38}},"135":{"start":{"line":332,"column":17},"end":{"line":332,"column":50}},"136":{"start":{"line":333,"column":4},"end":{"line":335,"column":5}},"137":{"start":{"line":334,"column":6},"end":{"line":334,"column":56}},"138":{"start":{"line":337,"column":4},"end":{"line":341,"column":5}},"139":{"start":{"line":338,"column":6},"end":{"line":338,"column":37}},"140":{"start":{"line":340,"column":6},"end":{"line":340,"column":62}},"141":{"start":{"line":342,"column":4},"end":{"line":342,"column":22}},"142":{"start":{"line":344,"column":4},"end":{"line":349,"column":7}},"143":{"start":{"line":351,"column":4},"end":{"line":353,"column":5}},"144":{"start":{"line":352,"column":6},"end":{"line":352,"column":98}},"145":{"start":{"line":354,"column":4},"end":{"line":354,"column":14}}},"fnMap":{"0":{"name":"(anonymous_0)","decl":{"start":{"line":9,"column":18},"end":{"line":9,"column":19}},"loc":{"start":{"line":10,"column":2},"end":{"line":12,"column":4}},"line":10},"1":{"name":"(anonymous_1)","decl":{"start":{"line":14,"column":26},"end":{"line":14,"column":27}},"loc":{"start":{"line":14,"column":53},"end":{"line":35,"column":1}},"line":14},"2":{"name":"(anonymous_2)","decl":{"start":{"line":42,"column":19},"end":{"line":42,"column":20}},"loc":{"start":{"line":42,"column":45},"end":{"line":69,"column":1}},"line":42},"3":{"name":"(anonymous_3)","decl":{"start":{"line":74,"column":16},"end":{"line":74,"column":17}},"loc":{"start":{"line":74,"column":42},"end":{"line":103,"column":1}},"line":74},"4":{"name":"(anonymous_4)","decl":{"start":{"line":108,"column":16},"end":{"line":108,"column":17}},"loc":{"start":{"line":108,"column":42},"end":{"line":124,"column":1}},"line":108},"5":{"name":"(anonymous_5)","decl":{"start":{"line":129,"column":25},"end":{"line":129,"column":26}},"loc":{"start":{"line":129,"column":51},"end":{"line":150,"column":1}},"line":129},"6":{"name":"(anonymous_6)","decl":{"start":{"line":155,"column":21},"end":{"line":155,"column":22}},"loc":{"start":{"line":155,"column":47},"end":{"line":172,"column":1}},"line":155},"7":{"name":"(anonymous_7)","decl":{"start":{"line":177,"column":24},"end":{"line":177,"column":25}},"loc":{"start":{"line":177,"column":50},"end":{"line":197,"column":1}},"line":177},"8":{"name":"(anonymous_8)","decl":{"start":{"line":205,"column":25},"end":{"line":205,"column":26}},"loc":{"start":{"line":205,"column":39},"end":{"line":212,"column":1}},"line":205},"9":{"name":"(anonymous_9)","decl":{"start":{"line":218,"column":25},"end":{"line":218,"column":26}},"loc":{"start":{"line":218,"column":51},"end":{"line":308,"column":1}},"line":218},"10":{"name":"(anonymous_10)","decl":{"start":{"line":255,"column":19},"end":{"line":255,"column":20}},"loc":{"start":{"line":255,"column":26},"end":{"line":255,"column":49}},"line":255},"11":{"name":"(anonymous_11)","decl":{"start":{"line":256,"column":19},"end":{"line":256,"column":20}},"loc":{"start":{"line":256,"column":26},"end":{"line":256,"column":35}},"line":256},"12":{"name":"(anonymous_12)","decl":{"start":{"line":313,"column":17},"end":{"line":313,"column":18}},"loc":{"start":{"line":313,"column":31},"end":{"line":323,"column":1}},"line":313},"13":{"name":"(anonymous_13)","decl":{"start":{"line":328,"column":21},"end":{"line":328,"column":22}},"loc":{"start":{"line":328,"column":47},"end":{"line":356,"column":1}},"line":328}},"branchMap":{"0":{"loc":{"start":{"line":11,"column":15},"end":{"line":11,"column":49}},"type":"binary-expr","locations":[{"start":{"line":11,"column":15},"end":{"line":11,"column":41}},{"start":{"line":11,"column":45},"end":{"line":11,"column":49}}],"line":11},"1":{"loc":{"start":{"line":19,"column":20},"end":{"line":19,"column":68}},"type":"binary-expr","locations":[{"start":{"line":19,"column":20},"end":{"line":19,"column":63}},{"start":{"line":19,"column":67},"end":{"line":19,"column":68}}],"line":19},"2":{"loc":{"start":{"line":24,"column":2},"end":{"line":24,"column":73}},"type":"if","locations":[{"start":{"line":24,"column":2},"end":{"line":24,"column":73}},{"start":{},"end":{}}],"line":24},"3":{"loc":{"start":{"line":48,"column":4},"end":{"line":50,"column":5}},"type":"if","locations":[{"start":{"line":48,"column":4},"end":{"line":50,"column":5}},{"start":{},"end":{}}],"line":48},"4":{"loc":{"start":{"line":56,"column":12},"end":{"line":56,"column":27}},"type":"binary-expr","locations":[{"start":{"line":56,"column":12},"end":{"line":56,"column":16}},{"start":{"line":56,"column":20},"end":{"line":56,"column":27}}],"line":56},"5":{"loc":{"start":{"line":80,"column":4},"end":{"line":82,"column":5}},"type":"if","locations":[{"start":{"line":80,"column":4},"end":{"line":82,"column":5}},{"start":{},"end":{}}],"line":80},"6":{"loc":{"start":{"line":86,"column":4},"end":{"line":88,"column":5}},"type":"if","locations":[{"start":{"line":86,"column":4},"end":{"line":88,"column":5}},{"start":{},"end":{}}],"line":86},"7":{"loc":{"start":{"line":91,"column":4},"end":{"line":93,"column":5}},"type":"if","locations":[{"start":{"line":91,"column":4},"end":{"line":93,"column":5}},{"start":{},"end":{}}],"line":91},"8":{"loc":{"start":{"line":91,"column":8},"end":{"line":91,"column":82}},"type":"binary-expr","locations":[{"start":{"line":91,"column":8},"end":{"line":91,"column":42}},{"start":{"line":91,"column":46},"end":{"line":91,"column":82}}],"line":91},"9":{"loc":{"start":{"line":111,"column":4},"end":{"line":113,"column":5}},"type":"if","locations":[{"start":{"line":111,"column":4},"end":{"line":113,"column":5}},{"start":{},"end":{}}],"line":111},"10":{"loc":{"start":{"line":134,"column":4},"end":{"line":136,"column":5}},"type":"if","locations":[{"start":{"line":134,"column":4},"end":{"line":136,"column":5}},{"start":{},"end":{}}],"line":134},"11":{"loc":{"start":{"line":139,"column":4},"end":{"line":141,"column":5}},"type":"if","locations":[{"start":{"line":139,"column":4},"end":{"line":141,"column":5}},{"start":{},"end":{}}],"line":139},"12":{"loc":{"start":{"line":158,"column":4},"end":{"line":160,"column":5}},"type":"if","locations":[{"start":{"line":158,"column":4},"end":{"line":160,"column":5}},{"start":{},"end":{}}],"line":158},"13":{"loc":{"start":{"line":181,"column":4},"end":{"line":181,"column":65}},"type":"if","locations":[{"start":{"line":181,"column":4},"end":{"line":181,"column":65}},{"start":{},"end":{}}],"line":181},"14":{"loc":{"start":{"line":183,"column":4},"end":{"line":183,"column":68}},"type":"if","locations":[{"start":{"line":183,"column":4},"end":{"line":183,"column":68}},{"start":{},"end":{}}],"line":183},"15":{"loc":{"start":{"line":184,"column":4},"end":{"line":184,"column":67}},"type":"if","locations":[{"start":{"line":184,"column":4},"end":{"line":184,"column":67}},{"start":{},"end":{}}],"line":184},"16":{"loc":{"start":{"line":185,"column":4},"end":{"line":185,"column":69}},"type":"if","locations":[{"start":{"line":185,"column":4},"end":{"line":185,"column":69}},{"start":{},"end":{}}],"line":185},"17":{"loc":{"start":{"line":186,"column":4},"end":{"line":186,"column":60}},"type":"if","locations":[{"start":{"line":186,"column":4},"end":{"line":186,"column":60}},{"start":{},"end":{}}],"line":186},"18":{"loc":{"start":{"line":221,"column":4},"end":{"line":221,"column":76}},"type":"if","locations":[{"start":{"line":221,"column":4},"end":{"line":221,"column":76}},{"start":{},"end":{}}],"line":221},"19":{"loc":{"start":{"line":236,"column":4},"end":{"line":238,"column":5}},"type":"if","locations":[{"start":{"line":236,"column":4},"end":{"line":238,"column":5}},{"start":{},"end":{}}],"line":236},"20":{"loc":{"start":{"line":236,"column":8},"end":{"line":236,"column":30}},"type":"binary-expr","locations":[{"start":{"line":236,"column":8},"end":{"line":236,"column":13}},{"start":{"line":236,"column":17},"end":{"line":236,"column":30}}],"line":236},"21":{"loc":{"start":{"line":255,"column":6},"end":{"line":258,"column":25}},"type":"binary-expr","locations":[{"start":{"line":255,"column":6},"end":{"line":257,"column":24}},{"start":{"line":258,"column":6},"end":{"line":258,"column":25}}],"line":255},"22":{"loc":{"start":{"line":255,"column":7},"end":{"line":257,"column":16}},"type":"binary-expr","locations":[{"start":{"line":255,"column":7},"end":{"line":255,"column":50}},{"start":{"line":256,"column":7},"end":{"line":256,"column":36}},{"start":{"line":257,"column":7},"end":{"line":257,"column":16}}],"line":255},"23":{"loc":{"start":{"line":255,"column":26},"end":{"line":255,"column":49}},"type":"binary-expr","locations":[{"start":{"line":255,"column":26},"end":{"line":255,"column":35}},{"start":{"line":255,"column":39},"end":{"line":255,"column":49}}],"line":255},"24":{"loc":{"start":{"line":260,"column":4},"end":{"line":262,"column":5}},"type":"if","locations":[{"start":{"line":260,"column":4},"end":{"line":262,"column":5}},{"start":{},"end":{}}],"line":260},"25":{"loc":{"start":{"line":267,"column":4},"end":{"line":270,"column":5}},"type":"if","locations":[{"start":{"line":267,"column":4},"end":{"line":270,"column":5}},{"start":{},"end":{}}],"line":267},"26":{"loc":{"start":{"line":272,"column":4},"end":{"line":297,"column":5}},"type":"if","locations":[{"start":{"line":272,"column":4},"end":{"line":297,"column":5}},{"start":{"line":282,"column":11},"end":{"line":297,"column":5}}],"line":272},"27":{"loc":{"start":{"line":277,"column":6},"end":{"line":277,"column":63}},"type":"if","locations":[{"start":{"line":277,"column":6},"end":{"line":277,"column":63}},{"start":{},"end":{}}],"line":277},"28":{"loc":{"start":{"line":285,"column":24},"end":{"line":285,"column":65}},"type":"binary-expr","locations":[{"start":{"line":285,"column":24},"end":{"line":285,"column":42}},{"start":{"line":285,"column":46},"end":{"line":285,"column":65}}],"line":285},"29":{"loc":{"start":{"line":291,"column":24},"end":{"line":291,"column":49}},"type":"binary-expr","locations":[{"start":{"line":291,"column":24},"end":{"line":291,"column":41}},{"start":{"line":291,"column":45},"end":{"line":291,"column":49}}],"line":291},"30":{"loc":{"start":{"line":301,"column":22},"end":{"line":301,"column":71}},"type":"binary-expr","locations":[{"start":{"line":301,"column":22},"end":{"line":301,"column":44}},{"start":{"line":301,"column":48},"end":{"line":301,"column":71}}],"line":301},"31":{"loc":{"start":{"line":305,"column":22},"end":{"line":305,"column":71}},"type":"binary-expr","locations":[{"start":{"line":305,"column":22},"end":{"line":305,"column":44}},{"start":{"line":305,"column":48},"end":{"line":305,"column":71}}],"line":305},"32":{"loc":{"start":{"line":333,"column":4},"end":{"line":335,"column":5}},"type":"if","locations":[{"start":{"line":333,"column":4},"end":{"line":335,"column":5}},{"start":{},"end":{}}],"line":333},"33":{"loc":{"start":{"line":337,"column":4},"end":{"line":341,"column":5}},"type":"if","locations":[{"start":{"line":337,"column":4},"end":{"line":341,"column":5}},{"start":{"line":339,"column":11},"end":{"line":341,"column":5}}],"line":337},"34":{"loc":{"start":{"line":337,"column":8},"end":{"line":337,"column":53}},"type":"binary-expr","locations":[{"start":{"line":337,"column":8},"end":{"line":337,"column":22}},{"start":{"line":337,"column":26},"end":{"line":337,"column":53}}],"line":337},"35":{"loc":{"start":{"line":351,"column":4},"end":{"line":353,"column":5}},"type":"if","locations":[{"start":{"line":351,"column":4},"end":{"line":353,"column":5}},{"start":{},"end":{}}],"line":351}},"s":{"0":3,"1":3,"2":3,"3":3,"4":3,"5":3,"6":94,"7":3,"8":94,"9":94,"10":94,"11":0,"12":94,"13":94,"14":3,"15":93,"16":93,"17":93,"18":93,"19":1,"20":92,"21":92,"22":92,"23":92,"24":92,"25":0,"26":0,"27":3,"28":4,"29":4,"30":4,"31":4,"32":1,"33":3,"34":3,"35":1,"36":2,"37":1,"38":1,"39":1,"40":1,"41":0,"42":3,"43":1,"44":1,"45":1,"46":0,"47":1,"48":0,"49":3,"50":3,"51":3,"52":3,"53":3,"54":1,"55":2,"56":2,"57":1,"58":1,"59":1,"60":1,"61":0,"62":3,"63":3,"64":3,"65":3,"66":1,"67":2,"68":1,"69":1,"70":1,"71":1,"72":3,"73":2,"74":2,"75":2,"76":1,"77":0,"78":1,"79":1,"80":1,"81":1,"82":1,"83":1,"84":1,"85":1,"86":1,"87":1,"88":1,"89":3,"90":0,"91":0,"92":3,"93":0,"94":0,"95":0,"96":0,"97":0,"98":0,"99":0,"100":0,"101":0,"102":0,"103":0,"104":0,"105":0,"106":0,"107":0,"108":0,"109":0,"110":0,"111":0,"112":0,"113":0,"114":0,"115":0,"116":0,"117":0,"118":0,"119":0,"120":0,"121":0,"122":0,"123":0,"124":0,"125":0,"126":0,"127":0,"128":0,"129":3,"130":1,"131":1,"132":3,"133":9,"134":9,"135":9,"136":8,"137":1,"138":7,"139":0,"140":7,"141":7,"142":6,"143":2,"144":1,"145":1},"f":{"0":94,"1":94,"2":93,"3":4,"4":1,"5":3,"6":3,"7":2,"8":0,"9":0,"10":0,"11":0,"12":1,"13":9},"b":{"0":[94,0],"1":[94,0],"2":[0,94],"3":[1,92],"4":[92,0],"5":[1,3],"6":[1,2],"7":[1,1],"8":[2,1],"9":[0,1],"10":[1,2],"11":[1,1],"12":[1,2],"13":[0,1],"14":[1,0],"15":[1,0],"16":[1,0],"17":[1,0],"18":[0,0],"19":[0,0],"20":[0,0],"21":[0,0],"22":[0,0,0],"23":[0,0],"24":[0,0],"25":[0,0],"26":[0,0],"27":[0,0],"28":[0,0],"29":[0,0],"30":[0,0],"31":[0,0],"32":[1,7],"33":[0,7],"34":[7,7],"35":[1,1]},"_coverageSchema":"1a1c01bbd47fc00a2c39e90264f33305004495a9","hash":"2c31615034a71916a16f343faca8159cd63d1708"}
,"/Users/amankoli/Documents/dealvault-platform-escrow/backend/controllers/dealController.js": {"path":"/Users/amankoli/Documents/dealvault-platform-escrow/backend/controllers/dealController.js","statementMap":{"0":{"start":{"line":1,"column":13},"end":{"line":1,"column":38}},"1":{"start":{"line":2,"column":13},"end":{"line":2,"column":38}},"2":{"start":{"line":3,"column":17},"end":{"line":3,"column":45}},"3":{"start":{"line":7,"column":20},"end":{"line":22,"column":1}},"4":{"start":{"line":8,"column":17},"end":{"line":8,"column":19}},"5":{"start":{"line":10,"column":2},"end":{"line":17,"column":3}},"6":{"start":{"line":10,"column":24},"end":{"line":10,"column":48}},"7":{"start":{"line":11,"column":7},"end":{"line":17,"column":3}},"8":{"start":{"line":11,"column":30},"end":{"line":11,"column":55}},"9":{"start":{"line":14,"column":4},"end":{"line":16,"column":5}},"10":{"start":{"line":15,"column":6},"end":{"line":15,"column":75}},"11":{"start":{"line":19,"column":2},"end":{"line":19,"column":49}},"12":{"start":{"line":19,"column":20},"end":{"line":19,"column":49}},"13":{"start":{"line":21,"column":2},"end":{"line":21,"column":16}},"14":{"start":{"line":30,"column":0},"end":{"line":67,"column":2}},"15":{"start":{"line":31,"column":2},"end":{"line":66,"column":3}},"16":{"start":{"line":32,"column":73},"end":{"line":32,"column":81}},"17":{"start":{"line":35,"column":4},"end":{"line":37,"column":5}},"18":{"start":{"line":36,"column":6},"end":{"line":36,"column":94}},"19":{"start":{"line":40,"column":19},"end":{"line":40,"column":48}},"20":{"start":{"line":41,"column":4},"end":{"line":43,"column":5}},"21":{"start":{"line":42,"column":6},"end":{"line":42,"column":58}},"22":{"start":{"line":45,"column":17},"end":{"line":54,"column":6}},"23":{"start":{"line":57,"column":4},"end":{"line":57,"column":86}},"24":{"start":{"line":58,"column":4},"end":{"line":58,"column":83}},"25":{"start":{"line":60,"column":4},"end":{"line":63,"column":7}},"26":{"start":{"line":65,"column":4},"end":{"line":65,"column":14}},"27":{"start":{"line":73,"column":0},"end":{"line":108,"column":2}},"28":{"start":{"line":74,"column":2},"end":{"line":107,"column":3}},"29":{"start":{"line":75,"column":17},"end":{"line":75,"column":46}},"30":{"start":{"line":76,"column":18},"end":{"line":76,"column":49}},"31":{"start":{"line":77,"column":17},"end":{"line":77,"column":35}},"32":{"start":{"line":79,"column":19},"end":{"line":79,"column":70}},"33":{"start":{"line":81,"column":27},"end":{"line":91,"column":6}},"34":{"start":{"line":93,"column":4},"end":{"line":104,"column":7}},"35":{"start":{"line":106,"column":4},"end":{"line":106,"column":14}},"36":{"start":{"line":114,"column":0},"end":{"line":142,"column":2}},"37":{"start":{"line":115,"column":2},"end":{"line":141,"column":3}},"38":{"start":{"line":116,"column":17},"end":{"line":120,"column":13}},"39":{"start":{"line":122,"column":4},"end":{"line":124,"column":5}},"40":{"start":{"line":123,"column":6},"end":{"line":123,"column":56}},"41":{"start":{"line":128,"column":6},"end":{"line":129,"column":56}},"42":{"start":{"line":131,"column":4},"end":{"line":133,"column":5}},"43":{"start":{"line":132,"column":6},"end":{"line":132,"column":82}},"44":{"start":{"line":135,"column":4},"end":{"line":138,"column":7}},"45":{"start":{"line":140,"column":4},"end":{"line":140,"column":14}},"46":{"start":{"line":148,"column":0},"end":{"line":206,"column":2}},"47":{"start":{"line":149,"column":2},"end":{"line":205,"column":3}},"48":{"start":{"line":150,"column":23},"end":{"line":150,"column":31}},"49":{"start":{"line":151,"column":17},"end":{"line":151,"column":51}},"50":{"start":{"line":153,"column":4},"end":{"line":155,"column":5}},"51":{"start":{"line":154,"column":6},"end":{"line":154,"column":56}},"52":{"start":{"line":157,"column":19},"end":{"line":157,"column":39}},"53":{"start":{"line":158,"column":20},"end":{"line":158,"column":51}},"54":{"start":{"line":159,"column":21},"end":{"line":159,"column":53}},"55":{"start":{"line":160,"column":20},"end":{"line":160,"column":45}},"56":{"start":{"line":163,"column":31},"end":{"line":171,"column":5}},"57":{"start":{"line":173,"column":20},"end":{"line":173,"column":61}},"58":{"start":{"line":175,"column":4},"end":{"line":177,"column":5}},"59":{"start":{"line":176,"column":6},"end":{"line":176,"column":92}},"60":{"start":{"line":179,"column":4},"end":{"line":181,"column":5}},"61":{"start":{"line":180,"column":6},"end":{"line":180,"column":98}},"62":{"start":{"line":184,"column":4},"end":{"line":194,"column":5}},"63":{"start":{"line":185,"column":20},"end":{"line":185,"column":53}},"64":{"start":{"line":186,"column":21},"end":{"line":186,"column":55}},"65":{"start":{"line":188,"column":6},"end":{"line":190,"column":7}},"66":{"start":{"line":189,"column":8},"end":{"line":189,"column":103}},"67":{"start":{"line":191,"column":6},"end":{"line":193,"column":7}},"68":{"start":{"line":192,"column":8},"end":{"line":192,"column":104}},"69":{"start":{"line":196,"column":4},"end":{"line":196,"column":25}},"70":{"start":{"line":197,"column":4},"end":{"line":197,"column":22}},"71":{"start":{"line":199,"column":4},"end":{"line":202,"column":7}},"72":{"start":{"line":204,"column":4},"end":{"line":204,"column":14}},"73":{"start":{"line":212,"column":0},"end":{"line":246,"column":2}},"74":{"start":{"line":213,"column":2},"end":{"line":245,"column":3}},"75":{"start":{"line":214,"column":17},"end":{"line":214,"column":51}},"76":{"start":{"line":216,"column":4},"end":{"line":216,"column":65}},"77":{"start":{"line":216,"column":15},"end":{"line":216,"column":65}},"78":{"start":{"line":217,"column":4},"end":{"line":219,"column":5}},"79":{"start":{"line":218,"column":6},"end":{"line":218,"column":83}},"80":{"start":{"line":220,"column":4},"end":{"line":222,"column":5}},"81":{"start":{"line":221,"column":6},"end":{"line":221,"column":101}},"82":{"start":{"line":224,"column":4},"end":{"line":226,"column":5}},"83":{"start":{"line":225,"column":6},"end":{"line":225,"column":76}},"84":{"start":{"line":228,"column":18},"end":{"line":232,"column":7}},"85":{"start":{"line":228,"column":40},"end":{"line":232,"column":5}},"86":{"start":{"line":234,"column":4},"end":{"line":234,"column":38}},"87":{"start":{"line":235,"column":4},"end":{"line":235,"column":30}},"88":{"start":{"line":236,"column":4},"end":{"line":236,"column":22}},"89":{"start":{"line":238,"column":4},"end":{"line":242,"column":7}},"90":{"start":{"line":244,"column":4},"end":{"line":244,"column":14}},"91":{"start":{"line":252,"column":0},"end":{"line":275,"column":2}},"92":{"start":{"line":253,"column":2},"end":{"line":274,"column":3}},"93":{"start":{"line":254,"column":17},"end":{"line":254,"column":51}},"94":{"start":{"line":256,"column":4},"end":{"line":256,"column":65}},"95":{"start":{"line":256,"column":15},"end":{"line":256,"column":65}},"96":{"start":{"line":257,"column":4},"end":{"line":259,"column":5}},"97":{"start":{"line":258,"column":6},"end":{"line":258,"column":76}},"98":{"start":{"line":260,"column":4},"end":{"line":262,"column":5}},"99":{"start":{"line":261,"column":6},"end":{"line":261,"column":85}},"100":{"start":{"line":264,"column":4},"end":{"line":264,"column":29}},"101":{"start":{"line":265,"column":4},"end":{"line":265,"column":22}},"102":{"start":{"line":267,"column":4},"end":{"line":271,"column":7}},"103":{"start":{"line":273,"column":4},"end":{"line":273,"column":14}}},"fnMap":{"0":{"name":"(anonymous_0)","decl":{"start":{"line":7,"column":20},"end":{"line":7,"column":21}},"loc":{"start":{"line":7,"column":45},"end":{"line":22,"column":1}},"line":7},"1":{"name":"(anonymous_1)","decl":{"start":{"line":30,"column":21},"end":{"line":30,"column":22}},"loc":{"start":{"line":30,"column":47},"end":{"line":67,"column":1}},"line":30},"2":{"name":"(anonymous_2)","decl":{"start":{"line":73,"column":19},"end":{"line":73,"column":20}},"loc":{"start":{"line":73,"column":45},"end":{"line":108,"column":1}},"line":73},"3":{"name":"(anonymous_3)","decl":{"start":{"line":114,"column":18},"end":{"line":114,"column":19}},"loc":{"start":{"line":114,"column":44},"end":{"line":142,"column":1}},"line":114},"4":{"name":"(anonymous_4)","decl":{"start":{"line":148,"column":27},"end":{"line":148,"column":28}},"loc":{"start":{"line":148,"column":53},"end":{"line":206,"column":1}},"line":148},"5":{"name":"(anonymous_5)","decl":{"start":{"line":212,"column":25},"end":{"line":212,"column":26}},"loc":{"start":{"line":212,"column":51},"end":{"line":246,"column":1}},"line":212},"6":{"name":"(anonymous_6)","decl":{"start":{"line":228,"column":32},"end":{"line":228,"column":33}},"loc":{"start":{"line":228,"column":40},"end":{"line":232,"column":5}},"line":228},"7":{"name":"(anonymous_7)","decl":{"start":{"line":252,"column":23},"end":{"line":252,"column":24}},"loc":{"start":{"line":252,"column":49},"end":{"line":275,"column":1}},"line":252}},"branchMap":{"0":{"loc":{"start":{"line":10,"column":2},"end":{"line":17,"column":3}},"type":"if","locations":[{"start":{"line":10,"column":2},"end":{"line":17,"column":3}},{"start":{"line":11,"column":7},"end":{"line":17,"column":3}}],"line":10},"1":{"loc":{"start":{"line":11,"column":7},"end":{"line":17,"column":3}},"type":"if","locations":[{"start":{"line":11,"column":7},"end":{"line":17,"column":3}},{"start":{"line":12,"column":7},"end":{"line":17,"column":3}}],"line":11},"2":{"loc":{"start":{"line":14,"column":4},"end":{"line":16,"column":5}},"type":"if","locations":[{"start":{"line":14,"column":4},"end":{"line":16,"column":5}},{"start":{},"end":{}}],"line":14},"3":{"loc":{"start":{"line":19,"column":2},"end":{"line":19,"column":49}},"type":"if","locations":[{"start":{"line":19,"column":2},"end":{"line":19,"column":49}},{"start":{},"end":{}}],"line":19},"4":{"loc":{"start":{"line":35,"column":4},"end":{"line":37,"column":5}},"type":"if","locations":[{"start":{"line":35,"column":4},"end":{"line":37,"column":5}},{"start":{},"end":{}}],"line":35},"5":{"loc":{"start":{"line":41,"column":4},"end":{"line":43,"column":5}},"type":"if","locations":[{"start":{"line":41,"column":4},"end":{"line":43,"column":5}},{"start":{},"end":{}}],"line":41},"6":{"loc":{"start":{"line":49,"column":16},"end":{"line":49,"column":33}},"type":"binary-expr","locations":[{"start":{"line":49,"column":16},"end":{"line":49,"column":24}},{"start":{"line":49,"column":28},"end":{"line":49,"column":33}}],"line":49},"7":{"loc":{"start":{"line":75,"column":17},"end":{"line":75,"column":46}},"type":"binary-expr","locations":[{"start":{"line":75,"column":17},"end":{"line":75,"column":41}},{"start":{"line":75,"column":45},"end":{"line":75,"column":46}}],"line":75},"8":{"loc":{"start":{"line":76,"column":18},"end":{"line":76,"column":49}},"type":"binary-expr","locations":[{"start":{"line":76,"column":18},"end":{"line":76,"column":43}},{"start":{"line":76,"column":47},"end":{"line":76,"column":49}}],"line":76},"9":{"loc":{"start":{"line":122,"column":4},"end":{"line":124,"column":5}},"type":"if","locations":[{"start":{"line":122,"column":4},"end":{"line":124,"column":5}},{"start":{},"end":{}}],"line":122},"10":{"loc":{"start":{"line":128,"column":6},"end":{"line":129,"column":56}},"type":"binary-expr","locations":[{"start":{"line":128,"column":6},"end":{"line":128,"column":55}},{"start":{"line":129,"column":6},"end":{"line":129,"column":56}}],"line":128},"11":{"loc":{"start":{"line":131,"column":4},"end":{"line":133,"column":5}},"type":"if","locations":[{"start":{"line":131,"column":4},"end":{"line":133,"column":5}},{"start":{},"end":{}}],"line":131},"12":{"loc":{"start":{"line":131,"column":8},"end":{"line":131,"column":51}},"type":"binary-expr","locations":[{"start":{"line":131,"column":8},"end":{"line":131,"column":22}},{"start":{"line":131,"column":26},"end":{"line":131,"column":51}}],"line":131},"13":{"loc":{"start":{"line":153,"column":4},"end":{"line":155,"column":5}},"type":"if","locations":[{"start":{"line":153,"column":4},"end":{"line":155,"column":5}},{"start":{},"end":{}}],"line":153},"14":{"loc":{"start":{"line":164,"column":52},"end":{"line":164,"column":70}},"type":"binary-expr","locations":[{"start":{"line":164,"column":52},"end":{"line":164,"column":59}},{"start":{"line":164,"column":63},"end":{"line":164,"column":70}}],"line":164},"15":{"loc":{"start":{"line":165,"column":49},"end":{"line":165,"column":67}},"type":"binary-expr","locations":[{"start":{"line":165,"column":49},"end":{"line":165,"column":56}},{"start":{"line":165,"column":60},"end":{"line":165,"column":67}}],"line":165},"16":{"loc":{"start":{"line":169,"column":31},"end":{"line":169,"column":49}},"type":"binary-expr","locations":[{"start":{"line":169,"column":31},"end":{"line":169,"column":38}},{"start":{"line":169,"column":42},"end":{"line":169,"column":49}}],"line":169},"17":{"loc":{"start":{"line":175,"column":4},"end":{"line":177,"column":5}},"type":"if","locations":[{"start":{"line":175,"column":4},"end":{"line":177,"column":5}},{"start":{},"end":{}}],"line":175},"18":{"loc":{"start":{"line":179,"column":4},"end":{"line":181,"column":5}},"type":"if","locations":[{"start":{"line":179,"column":4},"end":{"line":181,"column":5}},{"start":{},"end":{}}],"line":179},"19":{"loc":{"start":{"line":184,"column":4},"end":{"line":194,"column":5}},"type":"if","locations":[{"start":{"line":184,"column":4},"end":{"line":194,"column":5}},{"start":{},"end":{}}],"line":184},"20":{"loc":{"start":{"line":188,"column":6},"end":{"line":190,"column":7}},"type":"if","locations":[{"start":{"line":188,"column":6},"end":{"line":190,"column":7}},{"start":{},"end":{}}],"line":188},"21":{"loc":{"start":{"line":188,"column":10},"end":{"line":188,"column":40}},"type":"binary-expr","locations":[{"start":{"line":188,"column":10},"end":{"line":188,"column":16}},{"start":{"line":188,"column":20},"end":{"line":188,"column":40}}],"line":188},"22":{"loc":{"start":{"line":191,"column":6},"end":{"line":193,"column":7}},"type":"if","locations":[{"start":{"line":191,"column":6},"end":{"line":193,"column":7}},{"start":{},"end":{}}],"line":191},"23":{"loc":{"start":{"line":191,"column":10},"end":{"line":191,"column":42}},"type":"binary-expr","locations":[{"start":{"line":191,"column":10},"end":{"line":191,"column":17}},{"start":{"line":191,"column":21},"end":{"line":191,"column":42}}],"line":191},"24":{"loc":{"start":{"line":216,"column":4},"end":{"line":216,"column":65}},"type":"if","locations":[{"start":{"line":216,"column":4},"end":{"line":216,"column":65}},{"start":{},"end":{}}],"line":216},"25":{"loc":{"start":{"line":217,"column":4},"end":{"line":219,"column":5}},"type":"if","locations":[{"start":{"line":217,"column":4},"end":{"line":219,"column":5}},{"start":{},"end":{}}],"line":217},"26":{"loc":{"start":{"line":220,"column":4},"end":{"line":222,"column":5}},"type":"if","locations":[{"start":{"line":220,"column":4},"end":{"line":222,"column":5}},{"start":{},"end":{}}],"line":220},"27":{"loc":{"start":{"line":224,"column":4},"end":{"line":226,"column":5}},"type":"if","locations":[{"start":{"line":224,"column":4},"end":{"line":226,"column":5}},{"start":{},"end":{}}],"line":224},"28":{"loc":{"start":{"line":224,"column":8},"end":{"line":224,"column":44}},"type":"binary-expr","locations":[{"start":{"line":224,"column":8},"end":{"line":224,"column":18}},{"start":{"line":224,"column":22},"end":{"line":224,"column":44}}],"line":224},"29":{"loc":{"start":{"line":230,"column":11},"end":{"line":230,"column":31}},"type":"binary-expr","locations":[{"start":{"line":230,"column":11},"end":{"line":230,"column":17}},{"start":{"line":230,"column":21},"end":{"line":230,"column":31}}],"line":230},"30":{"loc":{"start":{"line":256,"column":4},"end":{"line":256,"column":65}},"type":"if","locations":[{"start":{"line":256,"column":4},"end":{"line":256,"column":65}},{"start":{},"end":{}}],"line":256},"31":{"loc":{"start":{"line":257,"column":4},"end":{"line":259,"column":5}},"type":"if","locations":[{"start":{"line":257,"column":4},"end":{"line":259,"column":5}},{"start":{},"end":{}}],"line":257},"32":{"loc":{"start":{"line":260,"column":4},"end":{"line":262,"column":5}},"type":"if","locations":[{"start":{"line":260,"column":4},"end":{"line":262,"column":5}},{"start":{},"end":{}}],"line":260}},"s":{"0":2,"1":2,"2":2,"3":2,"4":3,"5":3,"6":2,"7":1,"8":1,"9":0,"10":0,"11":3,"12":0,"13":3,"14":2,"15":21,"16":21,"17":21,"18":1,"19":20,"20":20,"21":0,"22":20,"23":20,"24":20,"25":20,"26":0,"27":2,"28":3,"29":3,"30":3,"31":3,"32":3,"33":3,"34":3,"35":0,"36":2,"37":3,"38":3,"39":3,"40":1,"41":2,"42":2,"43":1,"44":1,"45":0,"46":2,"47":18,"48":18,"49":18,"50":18,"51":0,"52":18,"53":18,"54":18,"55":18,"56":18,"57":18,"58":18,"59":1,"60":17,"61":1,"62":16,"63":7,"64":7,"65":7,"66":1,"67":6,"68":0,"69":15,"70":15,"71":15,"72":0,"73":2,"74":4,"75":4,"76":4,"77":0,"78":4,"79":1,"80":3,"81":1,"82":2,"83":1,"84":1,"85":1,"86":1,"87":1,"88":1,"89":1,"90":0,"91":2,"92":3,"93":3,"94":3,"95":0,"96":3,"97":1,"98":2,"99":1,"100":1,"101":1,"102":1,"103":0},"f":{"0":3,"1":21,"2":3,"3":3,"4":18,"5":4,"6":1,"7":3},"b":{"0":[2,1],"1":[1,0],"2":[0,0],"3":[0,3],"4":[1,20],"5":[0,20],"6":[20,19],"7":[3,2],"8":[3,2],"9":[1,2],"10":[2,1],"11":[1,1],"12":[2,1],"13":[0,18],"14":[18,10],"15":[18,10],"16":[18,10],"17":[1,17],"18":[1,16],"19":[7,9],"20":[1,6],"21":[7,7],"22":[0,6],"23":[6,6],"24":[0,4],"25":[1,3],"26":[1,2],"27":[1,1],"28":[2,1],"29":[1,0],"30":[0,3],"31":[1,2],"32":[1,1]},"_coverageSchema":"1a1c01bbd47fc00a2c39e90264f33305004495a9","hash":"b1c9014e1cbc22ab6029d9f149aa9318576bd67b"}
,"/Users/amankoli/Documents/dealvault-platform-escrow/backend/middleware/auth.js": {"path":"/Users/amankoli/Documents/dealvault-platform-escrow/backend/middleware/auth.js","statementMap":{"0":{"start":{"line":1,"column":12},"end":{"line":1,"column":35}},"1":{"start":{"line":2,"column":13},"end":{"line":2,"column":38}},"2":{"start":{"line":3,"column":17},"end":{"line":3,"column":45}},"3":{"start":{"line":8,"column":0},"end":{"line":45,"column":2}},"4":{"start":{"line":9,"column":2},"end":{"line":44,"column":3}},"5":{"start":{"line":12,"column":4},"end":{"line":14,"column":5}},"6":{"start":{"line":13,"column":6},"end":{"line":13,"column":54}},"7":{"start":{"line":16,"column":4},"end":{"line":18,"column":5}},"8":{"start":{"line":17,"column":6},"end":{"line":17,"column":92}},"9":{"start":{"line":21,"column":20},"end":{"line":21,"column":61}},"10":{"start":{"line":24,"column":17},"end":{"line":24,"column":48}},"11":{"start":{"line":25,"column":4},"end":{"line":27,"column":5}},"12":{"start":{"line":26,"column":6},"end":{"line":26,"column":91}},"13":{"start":{"line":30,"column":4},"end":{"line":32,"column":5}},"14":{"start":{"line":31,"column":6},"end":{"line":31,"column":112}},"15":{"start":{"line":35,"column":4},"end":{"line":37,"column":5}},"16":{"start":{"line":36,"column":6},"end":{"line":36,"column":93}},"17":{"start":{"line":40,"column":4},"end":{"line":40,"column":20}},"18":{"start":{"line":41,"column":4},"end":{"line":41,"column":11}},"19":{"start":{"line":43,"column":4},"end":{"line":43,"column":14}},"20":{"start":{"line":51,"column":0},"end":{"line":60,"column":2}},"21":{"start":{"line":52,"column":2},"end":{"line":59,"column":4}},"22":{"start":{"line":53,"column":4},"end":{"line":57,"column":5}},"23":{"start":{"line":54,"column":6},"end":{"line":56,"column":8}},"24":{"start":{"line":58,"column":4},"end":{"line":58,"column":11}},"25":{"start":{"line":66,"column":0},"end":{"line":82,"column":2}},"26":{"start":{"line":67,"column":2},"end":{"line":81,"column":3}},"27":{"start":{"line":69,"column":4},"end":{"line":71,"column":5}},"28":{"start":{"line":70,"column":6},"end":{"line":70,"column":54}},"29":{"start":{"line":72,"column":4},"end":{"line":72,"column":30}},"30":{"start":{"line":72,"column":16},"end":{"line":72,"column":30}},"31":{"start":{"line":74,"column":20},"end":{"line":74,"column":61}},"32":{"start":{"line":75,"column":17},"end":{"line":75,"column":48}},"33":{"start":{"line":76,"column":4},"end":{"line":76,"column":30}},"34":{"start":{"line":76,"column":14},"end":{"line":76,"column":30}},"35":{"start":{"line":77,"column":4},"end":{"line":77,"column":11}},"36":{"start":{"line":80,"column":4},"end":{"line":80,"column":11}}},"fnMap":{"0":{"name":"(anonymous_0)","decl":{"start":{"line":8,"column":18},"end":{"line":8,"column":19}},"loc":{"start":{"line":8,"column":44},"end":{"line":45,"column":1}},"line":8},"1":{"name":"(anonymous_1)","decl":{"start":{"line":51,"column":21},"end":{"line":51,"column":22}},"loc":{"start":{"line":51,"column":35},"end":{"line":60,"column":1}},"line":51},"2":{"name":"(anonymous_2)","decl":{"start":{"line":52,"column":9},"end":{"line":52,"column":10}},"loc":{"start":{"line":52,"column":29},"end":{"line":59,"column":3}},"line":52},"3":{"name":"(anonymous_3)","decl":{"start":{"line":66,"column":23},"end":{"line":66,"column":24}},"loc":{"start":{"line":66,"column":49},"end":{"line":82,"column":1}},"line":66}},"branchMap":{"0":{"loc":{"start":{"line":12,"column":4},"end":{"line":14,"column":5}},"type":"if","locations":[{"start":{"line":12,"column":4},"end":{"line":14,"column":5}},{"start":{},"end":{}}],"line":12},"1":{"loc":{"start":{"line":12,"column":8},"end":{"line":12,"column":84}},"type":"binary-expr","locations":[{"start":{"line":12,"column":8},"end":{"line":12,"column":33}},{"start":{"line":12,"column":37},"end":{"line":12,"column":84}}],"line":12},"2":{"loc":{"start":{"line":16,"column":4},"end":{"line":18,"column":5}},"type":"if","locations":[{"start":{"line":16,"column":4},"end":{"line":18,"column":5}},{"start":{},"end":{}}],"line":16},"3":{"loc":{"start":{"line":25,"column":4},"end":{"line":27,"column":5}},"type":"if","locations":[{"start":{"line":25,"column":4},"end":{"line":27,"column":5}},{"start":{},"end":{}}],"line":25},"4":{"loc":{"start":{"line":30,"column":4},"end":{"line":32,"column":5}},"type":"if","locations":[{"start":{"line":30,"column":4},"end":{"line":32,"column":5}},{"start":{},"end":{}}],"line":30},"5":{"loc":{"start":{"line":30,"column":8},"end":{"line":30,"column":88}},"type":"binary-expr","locations":[{"start":{"line":30,"column":8},"end":{"line":30,"column":39}},{"start":{"line":30,"column":43},"end":{"line":30,"column":88}}],"line":30},"6":{"loc":{"start":{"line":35,"column":4},"end":{"line":37,"column":5}},"type":"if","locations":[{"start":{"line":35,"column":4},"end":{"line":37,"column":5}},{"start":{},"end":{}}],"line":35},"7":{"loc":{"start":{"line":53,"column":4},"end":{"line":57,"column":5}},"type":"if","locations":[{"start":{"line":53,"column":4},"end":{"line":57,"column":5}},{"start":{},"end":{}}],"line":53},"8":{"loc":{"start":{"line":69,"column":4},"end":{"line":71,"column":5}},"type":"if","locations":[{"start":{"line":69,"column":4},"end":{"line":71,"column":5}},{"start":{},"end":{}}],"line":69},"9":{"loc":{"start":{"line":69,"column":8},"end":{"line":69,"column":84}},"type":"binary-expr","locations":[{"start":{"line":69,"column":8},"end":{"line":69,"column":33}},{"start":{"line":69,"column":37},"end":{"line":69,"column":84}}],"line":69},"10":{"loc":{"start":{"line":72,"column":4},"end":{"line":72,"column":30}},"type":"if","locations":[{"start":{"line":72,"column":4},"end":{"line":72,"column":30}},{"start":{},"end":{}}],"line":72},"11":{"loc":{"start":{"line":76,"column":4},"end":{"line":76,"column":30}},"type":"if","locations":[{"start":{"line":76,"column":4},"end":{"line":76,"column":30}},{"start":{},"end":{}}],"line":76}},"s":{"0":3,"1":3,"2":3,"3":3,"4":77,"5":77,"6":74,"7":77,"8":3,"9":74,"10":73,"11":73,"12":1,"13":72,"14":1,"15":71,"16":1,"17":70,"18":70,"19":1,"20":3,"21":2,"22":2,"23":1,"24":1,"25":3,"26":4,"27":4,"28":3,"29":4,"30":1,"31":3,"32":2,"33":2,"34":1,"35":2,"36":1},"f":{"0":77,"1":2,"2":2,"3":4},"b":{"0":[74,3],"1":[77,74],"2":[3,74],"3":[1,72],"4":[1,71],"5":[72,1],"6":[1,70],"7":[1,1],"8":[3,1],"9":[4,3],"10":[1,3],"11":[1,1]},"_coverageSchema":"1a1c01bbd47fc00a2c39e90264f33305004495a9","hash":"831ba6ab1ba5ab133ae4798e16c6bb2e571cd458"}
,"/Users/amankoli/Documents/dealvault-platform-escrow/backend/middleware/errorHandler.js": {"path":"/Users/amankoli/Documents/dealvault-platform-escrow/backend/middleware/errorHandler.js","statementMap":{"0":{"start":{"line":1,"column":17},"end":{"line":1,"column":45}},"1":{"start":{"line":3,"column":26},"end":{"line":6,"column":1}},"2":{"start":{"line":4,"column":18},"end":{"line":4,"column":54}},"3":{"start":{"line":5,"column":2},"end":{"line":5,"column":36}},"4":{"start":{"line":8,"column":32},"end":{"line":12,"column":1}},"5":{"start":{"line":9,"column":16},"end":{"line":9,"column":55}},"6":{"start":{"line":10,"column":18},"end":{"line":10,"column":78}},"7":{"start":{"line":11,"column":2},"end":{"line":11,"column":36}},"8":{"start":{"line":14,"column":32},"end":{"line":18,"column":1}},"9":{"start":{"line":15,"column":17},"end":{"line":15,"column":66}},"10":{"start":{"line":15,"column":55},"end":{"line":15,"column":65}},"11":{"start":{"line":16,"column":18},"end":{"line":16,"column":60}},"12":{"start":{"line":17,"column":2},"end":{"line":17,"column":36}},"13":{"start":{"line":20,"column":23},"end":{"line":21,"column":58}},"14":{"start":{"line":21,"column":2},"end":{"line":21,"column":58}},"15":{"start":{"line":23,"column":30},"end":{"line":24,"column":67}},"16":{"start":{"line":24,"column":2},"end":{"line":24,"column":67}},"17":{"start":{"line":26,"column":21},"end":{"line":34,"column":1}},"18":{"start":{"line":27,"column":2},"end":{"line":33,"column":5}},"19":{"start":{"line":36,"column":22},"end":{"line":54,"column":1}},"20":{"start":{"line":38,"column":2},"end":{"line":53,"column":3}},"21":{"start":{"line":39,"column":4},"end":{"line":43,"column":7}},"22":{"start":{"line":47,"column":4},"end":{"line":47,"column":35}},"23":{"start":{"line":48,"column":4},"end":{"line":52,"column":7}},"24":{"start":{"line":56,"column":0},"end":{"line":76,"column":2}},"25":{"start":{"line":57,"column":2},"end":{"line":57,"column":41}},"26":{"start":{"line":58,"column":2},"end":{"line":58,"column":37}},"27":{"start":{"line":60,"column":2},"end":{"line":75,"column":3}},"28":{"start":{"line":61,"column":4},"end":{"line":61,"column":27}},"29":{"start":{"line":63,"column":16},"end":{"line":63,"column":26}},"30":{"start":{"line":64,"column":4},"end":{"line":64,"column":32}},"31":{"start":{"line":65,"column":4},"end":{"line":65,"column":26}},"32":{"start":{"line":66,"column":4},"end":{"line":66,"column":30}},"33":{"start":{"line":68,"column":4},"end":{"line":68,"column":69}},"34":{"start":{"line":68,"column":36},"end":{"line":68,"column":69}},"35":{"start":{"line":69,"column":4},"end":{"line":69,"column":69}},"36":{"start":{"line":69,"column":30},"end":{"line":69,"column":69}},"37":{"start":{"line":70,"column":4},"end":{"line":70,"column":81}},"38":{"start":{"line":70,"column":42},"end":{"line":70,"column":81}},"39":{"start":{"line":71,"column":4},"end":{"line":71,"column":69}},"40":{"start":{"line":71,"column":44},"end":{"line":71,"column":69}},"41":{"start":{"line":72,"column":4},"end":{"line":72,"column":76}},"42":{"start":{"line":72,"column":44},"end":{"line":72,"column":76}},"43":{"start":{"line":74,"column":4},"end":{"line":74,"column":30}}},"fnMap":{"0":{"name":"(anonymous_0)","decl":{"start":{"line":3,"column":26},"end":{"line":3,"column":27}},"loc":{"start":{"line":3,"column":35},"end":{"line":6,"column":1}},"line":3},"1":{"name":"(anonymous_1)","decl":{"start":{"line":8,"column":32},"end":{"line":8,"column":33}},"loc":{"start":{"line":8,"column":41},"end":{"line":12,"column":1}},"line":8},"2":{"name":"(anonymous_2)","decl":{"start":{"line":14,"column":32},"end":{"line":14,"column":33}},"loc":{"start":{"line":14,"column":41},"end":{"line":18,"column":1}},"line":14},"3":{"name":"(anonymous_3)","decl":{"start":{"line":15,"column":47},"end":{"line":15,"column":48}},"loc":{"start":{"line":15,"column":55},"end":{"line":15,"column":65}},"line":15},"4":{"name":"(anonymous_4)","decl":{"start":{"line":20,"column":23},"end":{"line":20,"column":24}},"loc":{"start":{"line":21,"column":2},"end":{"line":21,"column":58}},"line":21},"5":{"name":"(anonymous_5)","decl":{"start":{"line":23,"column":30},"end":{"line":23,"column":31}},"loc":{"start":{"line":24,"column":2},"end":{"line":24,"column":67}},"line":24},"6":{"name":"(anonymous_6)","decl":{"start":{"line":26,"column":21},"end":{"line":26,"column":22}},"loc":{"start":{"line":26,"column":35},"end":{"line":34,"column":1}},"line":26},"7":{"name":"(anonymous_7)","decl":{"start":{"line":36,"column":22},"end":{"line":36,"column":23}},"loc":{"start":{"line":36,"column":36},"end":{"line":54,"column":1}},"line":36},"8":{"name":"(anonymous_8)","decl":{"start":{"line":56,"column":17},"end":{"line":56,"column":18}},"loc":{"start":{"line":56,"column":42},"end":{"line":76,"column":1}},"line":56}},"branchMap":{"0":{"loc":{"start":{"line":38,"column":2},"end":{"line":53,"column":3}},"type":"if","locations":[{"start":{"line":38,"column":2},"end":{"line":53,"column":3}},{"start":{"line":46,"column":7},"end":{"line":53,"column":3}}],"line":38},"1":{"loc":{"start":{"line":57,"column":19},"end":{"line":57,"column":40}},"type":"binary-expr","locations":[{"start":{"line":57,"column":19},"end":{"line":57,"column":33}},{"start":{"line":57,"column":37},"end":{"line":57,"column":40}}],"line":57},"2":{"loc":{"start":{"line":58,"column":15},"end":{"line":58,"column":36}},"type":"binary-expr","locations":[{"start":{"line":58,"column":15},"end":{"line":58,"column":25}},{"start":{"line":58,"column":29},"end":{"line":58,"column":36}}],"line":58},"3":{"loc":{"start":{"line":60,"column":2},"end":{"line":75,"column":3}},"type":"if","locations":[{"start":{"line":60,"column":2},"end":{"line":75,"column":3}},{"start":{"line":62,"column":9},"end":{"line":75,"column":3}}],"line":60},"4":{"loc":{"start":{"line":68,"column":4},"end":{"line":68,"column":69}},"type":"if","locations":[{"start":{"line":68,"column":4},"end":{"line":68,"column":69}},{"start":{},"end":{}}],"line":68},"5":{"loc":{"start":{"line":69,"column":4},"end":{"line":69,"column":69}},"type":"if","locations":[{"start":{"line":69,"column":4},"end":{"line":69,"column":69}},{"start":{},"end":{}}],"line":69},"6":{"loc":{"start":{"line":70,"column":4},"end":{"line":70,"column":81}},"type":"if","locations":[{"start":{"line":70,"column":4},"end":{"line":70,"column":81}},{"start":{},"end":{}}],"line":70},"7":{"loc":{"start":{"line":71,"column":4},"end":{"line":71,"column":69}},"type":"if","locations":[{"start":{"line":71,"column":4},"end":{"line":71,"column":69}},{"start":{},"end":{}}],"line":71},"8":{"loc":{"start":{"line":72,"column":4},"end":{"line":72,"column":76}},"type":"if","locations":[{"start":{"line":72,"column":4},"end":{"line":72,"column":76}},{"start":{},"end":{}}],"line":72}},"s":{"0":3,"1":3,"2":1,"3":1,"4":3,"5":1,"6":1,"7":1,"8":3,"9":1,"10":1,"11":1,"12":1,"13":3,"14":1,"15":3,"16":1,"17":3,"18":1,"19":3,"20":26,"21":25,"22":1,"23":1,"24":3,"25":27,"26":27,"27":27,"28":1,"29":26,"30":26,"31":26,"32":26,"33":26,"34":1,"35":26,"36":1,"37":26,"38":1,"39":26,"40":1,"41":26,"42":1,"43":26},"f":{"0":1,"1":1,"2":1,"3":1,"4":1,"5":1,"6":1,"7":26,"8":27},"b":{"0":[25,1],"1":[27,6],"2":[27,6],"3":[1,26],"4":[1,25],"5":[1,25],"6":[1,25],"7":[1,25],"8":[1,25]},"_coverageSchema":"1a1c01bbd47fc00a2c39e90264f33305004495a9","hash":"f021ce90f8598c29fab477dd42c817f96a92a817"}
,"/Users/amankoli/Documents/dealvault-platform-escrow/backend/models/Deal.js": {"path":"/Users/amankoli/Documents/dealvault-platform-escrow/backend/models/Deal.js","statementMap":{"0":{"start":{"line":1,"column":17},"end":{"line":1,"column":36}},"1":{"start":{"line":3,"column":15},"end":{"line":3,"column":30}},"2":{"start":{"line":5,"column":19},"end":{"line":59,"column":24}},"3":{"start":{"line":49,"column":8},"end":{"line":49,"column":30}},"4":{"start":{"line":61,"column":0},"end":{"line":61,"column":44}},"5":{"start":{"line":62,"column":0},"end":{"line":62,"column":45}},"6":{"start":{"line":63,"column":0},"end":{"line":63,"column":39}},"7":{"start":{"line":65,"column":0},"end":{"line":65,"column":52}}},"fnMap":{"0":{"name":"(anonymous_0)","decl":{"start":{"line":48,"column":17},"end":{"line":48,"column":18}},"loc":{"start":{"line":48,"column":29},"end":{"line":50,"column":7}},"line":48}},"branchMap":{},"s":{"0":2,"1":2,"2":2,"3":37,"4":2,"5":2,"6":2,"7":2},"f":{"0":37},"b":{},"_coverageSchema":"1a1c01bbd47fc00a2c39e90264f33305004495a9","hash":"3060f7a1c6c33e69b585cc13e297618b2e9f45b8"}
,"/Users/amankoli/Documents/dealvault-platform-escrow/backend/models/User.js": {"path":"/Users/amankoli/Documents/dealvault-platform-escrow/backend/models/User.js","statementMap":{"0":{"start":{"line":1,"column":17},"end":{"line":1,"column":36}},"1":{"start":{"line":2,"column":15},"end":{"line":2,"column":34}},"2":{"start":{"line":6,"column":14},"end":{"line":6,"column":87}},"3":{"start":{"line":7,"column":23},"end":{"line":7,"column":85}},"4":{"start":{"line":8,"column":19},"end":{"line":8,"column":71}},"5":{"start":{"line":12,"column":22},"end":{"line":21,"column":1}},"6":{"start":{"line":23,"column":18},"end":{"line":36,"column":1}},"7":{"start":{"line":40,"column":19},"end":{"line":255,"column":1}},"8":{"start":{"line":153,"column":22},"end":{"line":153,"column":24}},"9":{"start":{"line":214,"column":22},"end":{"line":214,"column":24}},"10":{"start":{"line":259,"column":0},"end":{"line":259,"column":49}},"11":{"start":{"line":260,"column":0},"end":{"line":260,"column":39}},"12":{"start":{"line":261,"column":0},"end":{"line":261,"column":30}},"13":{"start":{"line":262,"column":0},"end":{"line":262,"column":39}},"14":{"start":{"line":263,"column":0},"end":{"line":263,"column":38}},"15":{"start":{"line":264,"column":0},"end":{"line":264,"column":36}},"16":{"start":{"line":268,"column":0},"end":{"line":270,"column":3}},"17":{"start":{"line":269,"column":2},"end":{"line":269,"column":41}},"18":{"start":{"line":272,"column":0},"end":{"line":274,"column":3}},"19":{"start":{"line":273,"column":2},"end":{"line":273,"column":33}},"20":{"start":{"line":279,"column":0},"end":{"line":290,"column":3}},"21":{"start":{"line":280,"column":2},"end":{"line":280,"column":61}},"22":{"start":{"line":280,"column":54},"end":{"line":280,"column":61}},"23":{"start":{"line":282,"column":21},"end":{"line":282,"column":61}},"24":{"start":{"line":283,"column":15},"end":{"line":283,"column":47}},"25":{"start":{"line":284,"column":2},"end":{"line":284,"column":57}},"26":{"start":{"line":287,"column":2},"end":{"line":289,"column":3}},"27":{"start":{"line":288,"column":4},"end":{"line":288,"column":57}},"28":{"start":{"line":293,"column":0},"end":{"line":297,"column":3}},"29":{"start":{"line":294,"column":2},"end":{"line":296,"column":3}},"30":{"start":{"line":295,"column":4},"end":{"line":295,"column":49}},"31":{"start":{"line":306,"column":0},"end":{"line":308,"column":2}},"32":{"start":{"line":307,"column":2},"end":{"line":307,"column":58}},"33":{"start":{"line":315,"column":0},"end":{"line":321,"column":2}},"34":{"start":{"line":316,"column":2},"end":{"line":319,"column":3}},"35":{"start":{"line":317,"column":22},"end":{"line":317,"column":73}},"36":{"start":{"line":318,"column":4},"end":{"line":318,"column":35}},"37":{"start":{"line":320,"column":2},"end":{"line":320,"column":15}},"38":{"start":{"line":328,"column":0},"end":{"line":336,"column":2}},"39":{"start":{"line":329,"column":14},"end":{"line":329,"column":29}},"40":{"start":{"line":330,"column":2},"end":{"line":330,"column":22}},"41":{"start":{"line":331,"column":2},"end":{"line":331,"column":36}},"42":{"start":{"line":332,"column":2},"end":{"line":332,"column":38}},"43":{"start":{"line":333,"column":2},"end":{"line":333,"column":32}},"44":{"start":{"line":334,"column":2},"end":{"line":334,"column":34}},"45":{"start":{"line":335,"column":2},"end":{"line":335,"column":13}},"46":{"start":{"line":345,"column":0},"end":{"line":347,"column":2}},"47":{"start":{"line":346,"column":2},"end":{"line":346,"column":81}},"48":{"start":{"line":354,"column":0},"end":{"line":356,"column":2}},"49":{"start":{"line":355,"column":2},"end":{"line":355,"column":56}},"50":{"start":{"line":360,"column":13},"end":{"line":360,"column":47}},"51":{"start":{"line":362,"column":0},"end":{"line":362,"column":22}}},"fnMap":{"0":{"name":"(anonymous_0)","decl":{"start":{"line":153,"column":15},"end":{"line":153,"column":16}},"loc":{"start":{"line":153,"column":22},"end":{"line":153,"column":24}},"line":153},"1":{"name":"(anonymous_1)","decl":{"start":{"line":214,"column":15},"end":{"line":214,"column":16}},"loc":{"start":{"line":214,"column":22},"end":{"line":214,"column":24}},"line":214},"2":{"name":"(anonymous_2)","decl":{"start":{"line":268,"column":40},"end":{"line":268,"column":41}},"loc":{"start":{"line":268,"column":52},"end":{"line":270,"column":1}},"line":268},"3":{"name":"(anonymous_3)","decl":{"start":{"line":272,"column":38},"end":{"line":272,"column":39}},"loc":{"start":{"line":272,"column":50},"end":{"line":274,"column":1}},"line":272},"4":{"name":"(anonymous_4)","decl":{"start":{"line":279,"column":23},"end":{"line":279,"column":24}},"loc":{"start":{"line":279,"column":41},"end":{"line":290,"column":1}},"line":279},"5":{"name":"(anonymous_5)","decl":{"start":{"line":293,"column":23},"end":{"line":293,"column":24}},"loc":{"start":{"line":293,"column":35},"end":{"line":297,"column":1}},"line":293},"6":{"name":"(anonymous_6)","decl":{"start":{"line":306,"column":37},"end":{"line":306,"column":38}},"loc":{"start":{"line":306,"column":72},"end":{"line":308,"column":1}},"line":306},"7":{"name":"(anonymous_7)","decl":{"start":{"line":315,"column":42},"end":{"line":315,"column":43}},"loc":{"start":{"line":315,"column":65},"end":{"line":321,"column":1}},"line":315},"8":{"name":"(anonymous_8)","decl":{"start":{"line":328,"column":34},"end":{"line":328,"column":35}},"loc":{"start":{"line":328,"column":46},"end":{"line":336,"column":1}},"line":328},"9":{"name":"(anonymous_9)","decl":{"start":{"line":345,"column":45},"end":{"line":345,"column":46}},"loc":{"start":{"line":345,"column":62},"end":{"line":347,"column":1}},"line":345},"10":{"name":"(anonymous_10)","decl":{"start":{"line":354,"column":36},"end":{"line":354,"column":37}},"loc":{"start":{"line":354,"column":56},"end":{"line":356,"column":1}},"line":354}},"branchMap":{"0":{"loc":{"start":{"line":273,"column":9},"end":{"line":273,"column":32}},"type":"binary-expr","locations":[{"start":{"line":273,"column":9},"end":{"line":273,"column":18}},{"start":{"line":273,"column":22},"end":{"line":273,"column":32}}],"line":273},"1":{"loc":{"start":{"line":280,"column":2},"end":{"line":280,"column":61}},"type":"if","locations":[{"start":{"line":280,"column":2},"end":{"line":280,"column":61}},{"start":{},"end":{}}],"line":280},"2":{"loc":{"start":{"line":280,"column":6},"end":{"line":280,"column":52}},"type":"binary-expr","locations":[{"start":{"line":280,"column":6},"end":{"line":280,"column":34}},{"start":{"line":280,"column":38},"end":{"line":280,"column":52}}],"line":280},"3":{"loc":{"start":{"line":282,"column":21},"end":{"line":282,"column":61}},"type":"cond-expr","locations":[{"start":{"line":282,"column":55},"end":{"line":282,"column":56}},{"start":{"line":282,"column":59},"end":{"line":282,"column":61}}],"line":282},"4":{"loc":{"start":{"line":287,"column":2},"end":{"line":289,"column":3}},"type":"if","locations":[{"start":{"line":287,"column":2},"end":{"line":289,"column":3}},{"start":{},"end":{}}],"line":287},"5":{"loc":{"start":{"line":294,"column":2},"end":{"line":296,"column":3}},"type":"if","locations":[{"start":{"line":294,"column":2},"end":{"line":296,"column":3}},{"start":{},"end":{}}],"line":294},"6":{"loc":{"start":{"line":316,"column":2},"end":{"line":319,"column":3}},"type":"if","locations":[{"start":{"line":316,"column":2},"end":{"line":319,"column":3}},{"start":{},"end":{}}],"line":316}},"s":{"0":4,"1":4,"2":4,"3":4,"4":4,"5":4,"6":4,"7":4,"8":105,"9":105,"10":4,"11":4,"12":4,"13":4,"14":4,"15":4,"16":4,"17":105,"18":4,"19":106,"20":4,"21":202,"22":102,"23":100,"24":100,"25":100,"26":100,"27":1,"28":4,"29":202,"30":99,"31":4,"32":7,"33":4,"34":73,"35":2,"36":2,"37":71,"38":4,"39":104,"40":104,"41":104,"42":104,"43":104,"44":104,"45":104,"46":4,"47":5,"48":4,"49":1,"50":4,"51":4},"f":{"0":105,"1":105,"2":105,"3":106,"4":202,"5":202,"6":7,"7":73,"8":104,"9":5,"10":1},"b":{"0":[106,1],"1":[102,100],"2":[202,100],"3":[100,0],"4":[1,99],"5":[99,103],"6":[2,71]},"_coverageSchema":"1a1c01bbd47fc00a2c39e90264f33305004495a9","hash":"5e1c414ca72130ebdc2a4a5bcec10b96ba932dc3"}
,"/Users/amankoli/Documents/dealvault-platform-escrow/backend/routes/auth.js": {"path":"/Users/amankoli/Documents/dealvault-platform-escrow/backend/routes/auth.js","statementMap":{"0":{"start":{"line":1,"column":16},"end":{"line":1,"column":34}},"1":{"start":{"line":2,"column":15},"end":{"line":2,"column":31}},"2":{"start":{"line":4,"column":23},"end":{"line":4,"column":63}},"3":{"start":{"line":5,"column":20},"end":{"line":5,"column":49}},"4":{"start":{"line":6,"column":64},"end":{"line":6,"column":88}},"5":{"start":{"line":9,"column":0},"end":{"line":9,"column":71}},"6":{"start":{"line":10,"column":0},"end":{"line":10,"column":62}},"7":{"start":{"line":11,"column":0},"end":{"line":11,"column":46}},"8":{"start":{"line":14,"column":0},"end":{"line":14,"column":62}},"9":{"start":{"line":15,"column":0},"end":{"line":15,"column":62}},"10":{"start":{"line":18,"column":0},"end":{"line":18,"column":20}},"11":{"start":{"line":20,"column":0},"end":{"line":20,"column":40}},"12":{"start":{"line":21,"column":0},"end":{"line":21,"column":64}},"13":{"start":{"line":22,"column":0},"end":{"line":22,"column":73}},"14":{"start":{"line":23,"column":0},"end":{"line":23,"column":49}},"15":{"start":{"line":24,"column":0},"end":{"line":24,"column":55}},"16":{"start":{"line":26,"column":0},"end":{"line":26,"column":24}}},"fnMap":{},"branchMap":{},"s":{"0":2,"1":2,"2":2,"3":2,"4":2,"5":2,"6":2,"7":2,"8":2,"9":2,"10":2,"11":2,"12":2,"13":2,"14":2,"15":2,"16":2},"f":{},"b":{},"_coverageSchema":"1a1c01bbd47fc00a2c39e90264f33305004495a9","hash":"3e4f6a3e5b2195996e1030a1c77f1d807c08ff9f"}
,"/Users/amankoli/Documents/dealvault-platform-escrow/backend/routes/deals.js": {"path":"/Users/amankoli/Documents/dealvault-platform-escrow/backend/routes/deals.js","statementMap":{"0":{"start":{"line":1,"column":16},"end":{"line":1,"column":34}},"1":{"start":{"line":2,"column":15},"end":{"line":2,"column":31}},"2":{"start":{"line":3,"column":15},"end":{"line":3,"column":32}},"3":{"start":{"line":5,"column":23},"end":{"line":5,"column":63}},"4":{"start":{"line":6,"column":32},"end":{"line":6,"column":61}},"5":{"start":{"line":12,"column":4},"end":{"line":12,"column":28}},"6":{"start":{"line":15,"column":16},"end":{"line":18,"column":2}},"7":{"start":{"line":16,"column":34},"end":{"line":16,"column":54}},"8":{"start":{"line":17,"column":31},"end":{"line":17,"column":77}},"9":{"start":{"line":19,"column":15},"end":{"line":19,"column":74}},"10":{"start":{"line":22,"column":0},"end":{"line":22,"column":20}},"11":{"start":{"line":25,"column":0},"end":{"line":25,"column":67}},"12":{"start":{"line":26,"column":0},"end":{"line":26,"column":63}},"13":{"start":{"line":27,"column":0},"end":{"line":27,"column":62}},"14":{"start":{"line":30,"column":0},"end":{"line":30,"column":90}},"15":{"start":{"line":33,"column":0},"end":{"line":33,"column":104}},"16":{"start":{"line":34,"column":0},"end":{"line":34,"column":76}},"17":{"start":{"line":36,"column":0},"end":{"line":36,"column":24}}},"fnMap":{"0":{"name":"(anonymous_0)","decl":{"start":{"line":16,"column":15},"end":{"line":16,"column":16}},"loc":{"start":{"line":16,"column":34},"end":{"line":16,"column":54}},"line":16},"1":{"name":"(anonymous_1)","decl":{"start":{"line":17,"column":12},"end":{"line":17,"column":13}},"loc":{"start":{"line":17,"column":31},"end":{"line":17,"column":77}},"line":17}},"branchMap":{},"s":{"0":2,"1":2,"2":2,"3":2,"4":2,"5":2,"6":2,"7":2,"8":2,"9":2,"10":2,"11":2,"12":2,"13":2,"14":2,"15":2,"16":2,"17":2},"f":{"0":2,"1":2},"b":{},"_coverageSchema":"1a1c01bbd47fc00a2c39e90264f33305004495a9","hash":"cc5f91531bb669f4463b0e4926b8d3f327676deb"}
,"/Users/amankoli/Documents/dealvault-platform-escrow/backend/utils/AppError.js": {"path":"/Users/amankoli/Documents/dealvault-platform-escrow/backend/utils/AppError.js","statementMap":{"0":{"start":{"line":3,"column":4},"end":{"line":3,"column":19}},"1":{"start":{"line":5,"column":4},"end":{"line":5,"column":33}},"2":{"start":{"line":6,"column":4},"end":{"line":6,"column":69}},"3":{"start":{"line":7,"column":4},"end":{"line":7,"column":30}},"4":{"start":{"line":9,"column":4},"end":{"line":9,"column":52}},"5":{"start":{"line":13,"column":0},"end":{"line":13,"column":26}}},"fnMap":{"0":{"name":"(anonymous_0)","decl":{"start":{"line":2,"column":2},"end":{"line":2,"column":3}},"loc":{"start":{"line":2,"column":35},"end":{"line":10,"column":3}},"line":2}},"branchMap":{"0":{"loc":{"start":{"line":6,"column":18},"end":{"line":6,"column":68}},"type":"cond-expr","locations":[{"start":{"line":6,"column":52},"end":{"line":6,"column":58}},{"start":{"line":6,"column":61},"end":{"line":6,"column":68}}],"line":6}},"s":{"0":34,"1":34,"2":34,"3":34,"4":34,"5":3},"f":{"0":34},"b":{"0":[33,1]},"_coverageSchema":"1a1c01bbd47fc00a2c39e90264f33305004495a9","hash":"95693c8a03ac061b743e00335bebe3839d8d37d9"}
,"/Users/amankoli/Documents/dealvault-platform-escrow/backend/utils/helpers.js": {"path":"/Users/amankoli/Documents/dealvault-platform-escrow/backend/utils/helpers.js","statementMap":{"0":{"start":{"line":3,"column":22},"end":{"line":5,"column":1}},"1":{"start":{"line":7,"column":0},"end":{"line":7,"column":35}}},"fnMap":{"0":{"name":"(anonymous_0)","decl":{"start":{"line":3,"column":22},"end":{"line":3,"column":23}},"loc":{"start":{"line":3,"column":30},"end":{"line":5,"column":1}},"line":3}},"branchMap":{},"s":{"0":1,"1":1},"f":{"0":1},"b":{},"_coverageSchema":"1a1c01bbd47fc00a2c39e90264f33305004495a9","hash":"9ae8463ec04edb7173e383282e1105db69f9a9f1"}
,"/Users/amankoli/Documents/dealvault-platform-escrow/backend/validators/index.js": {"path":"/Users/amankoli/Documents/dealvault-platform-escrow/backend/validators/index.js","statementMap":{"0":{"start":{"line":1,"column":49},"end":{"line":1,"column":77}},"1":{"start":{"line":6,"column":31},"end":{"line":19,"column":1}},"2":{"start":{"line":7,"column":17},"end":{"line":7,"column":38}},"3":{"start":{"line":8,"column":2},"end":{"line":17,"column":3}},"4":{"start":{"line":9,"column":4},"end":{"line":16,"column":7}},"5":{"start":{"line":12,"column":41},"end":{"line":15,"column":7}},"6":{"start":{"line":18,"column":2},"end":{"line":18,"column":9}},"7":{"start":{"line":23,"column":0},"end":{"line":45,"column":2}},"8":{"start":{"line":47,"column":0},"end":{"line":58,"column":2}},"9":{"start":{"line":60,"column":0},"end":{"line":67,"column":2}},"10":{"start":{"line":71,"column":0},"end":{"line":101,"column":2}},"11":{"start":{"line":85,"column":23},"end":{"line":85,"column":44}},"12":{"start":{"line":98,"column":23},"end":{"line":98,"column":51}},"13":{"start":{"line":103,"column":0},"end":{"line":113,"column":2}},"14":{"start":{"line":115,"column":0},"end":{"line":120,"column":2}},"15":{"start":{"line":122,"column":0},"end":{"line":137,"column":2}}},"fnMap":{"0":{"name":"(anonymous_0)","decl":{"start":{"line":6,"column":31},"end":{"line":6,"column":32}},"loc":{"start":{"line":6,"column":51},"end":{"line":19,"column":1}},"line":6},"1":{"name":"(anonymous_1)","decl":{"start":{"line":12,"column":33},"end":{"line":12,"column":34}},"loc":{"start":{"line":12,"column":41},"end":{"line":15,"column":7}},"line":12},"2":{"name":"(anonymous_2)","decl":{"start":{"line":85,"column":12},"end":{"line":85,"column":13}},"loc":{"start":{"line":85,"column":23},"end":{"line":85,"column":44}},"line":85},"3":{"name":"(anonymous_3)","decl":{"start":{"line":98,"column":12},"end":{"line":98,"column":13}},"loc":{"start":{"line":98,"column":23},"end":{"line":98,"column":51}},"line":98}},"branchMap":{"0":{"loc":{"start":{"line":8,"column":2},"end":{"line":17,"column":3}},"type":"if","locations":[{"start":{"line":8,"column":2},"end":{"line":17,"column":3}},{"start":{},"end":{}}],"line":8}},"s":{"0":2,"1":2,"2":163,"3":163,"4":7,"5":8,"6":156,"7":2,"8":2,"9":2,"10":2,"11":24,"12":24,"13":2,"14":2,"15":2},"f":{"0":163,"1":8,"2":24,"3":24},"b":{"0":[7,156]},"_coverageSchema":"1a1c01bbd47fc00a2c39e90264f33305004495a9","hash":"d2042ab3e9cffb9e79e495ffcf550d83fa8d449d"}
}
