TN:
SF:controllers/authController.js
FN:9,(anonymous_0)
FN:14,(anonymous_1)
FN:42,(anonymous_2)
FN:74,(anonymous_3)
FN:108,(anonymous_4)
FN:129,(anonymous_5)
FN:155,(anonymous_6)
FN:177,(anonymous_7)
FN:205,(anonymous_8)
FN:218,(anonymous_9)
FN:255,(anonymous_10)
FN:256,(anonymous_11)
FN:313,(anonymous_12)
FN:328,(anonymous_13)
FNF:14
FNH:10
FNDA:94,(anonymous_0)
FNDA:94,(anonymous_1)
FNDA:93,(anonymous_2)
FNDA:4,(anonymous_3)
FNDA:1,(anonymous_4)
FNDA:3,(anonymous_5)
FNDA:3,(anonymous_6)
FNDA:2,(anonymous_7)
FNDA:0,(anonymous_8)
FNDA:0,(anonymous_9)
FNDA:0,(anonymous_10)
FNDA:0,(anonymous_11)
FNDA:1,(anonymous_12)
FNDA:9,(anonymous_13)
DA:1,3
DA:2,3
DA:3,3
DA:4,3
DA:5,3
DA:9,3
DA:10,94
DA:14,3
DA:15,94
DA:17,94
DA:24,94
DA:26,94
DA:28,94
DA:42,3
DA:43,93
DA:44,93
DA:47,93
DA:48,93
DA:49,1
DA:52,92
DA:60,92
DA:61,92
DA:62,92
DA:64,92
DA:66,0
DA:67,0
DA:74,3
DA:75,4
DA:76,4
DA:79,4
DA:80,4
DA:81,1
DA:85,3
DA:86,3
DA:87,1
DA:91,2
DA:92,1
DA:96,1
DA:97,1
DA:99,1
DA:101,0
DA:108,3
DA:109,1
DA:110,1
DA:111,1
DA:112,0
DA:115,1
DA:122,0
DA:129,3
DA:130,3
DA:131,3
DA:133,3
DA:134,3
DA:135,1
DA:138,2
DA:139,2
DA:140,1
DA:143,1
DA:144,1
DA:146,1
DA:148,0
DA:155,3
DA:156,3
DA:157,3
DA:158,3
DA:159,1
DA:161,2
DA:162,1
DA:163,1
DA:165,1
DA:170,1
DA:177,3
DA:178,2
DA:179,2
DA:180,2
DA:181,1
DA:183,1
DA:184,1
DA:185,1
DA:186,1
DA:188,1
DA:190,1
DA:195,1
DA:205,3
DA:206,0
DA:211,0
DA:218,3
DA:219,0
DA:220,0
DA:221,0
DA:224,0
DA:235,0
DA:236,0
DA:237,0
DA:241,0
DA:250,0
DA:251,0
DA:255,0
DA:256,0
DA:260,0
DA:261,0
DA:265,0
DA:267,0
DA:269,0
DA:272,0
DA:274,0
DA:275,0
DA:276,0
DA:277,0
DA:278,0
DA:279,0
DA:280,0
DA:281,0
DA:284,0
DA:300,0
DA:301,0
DA:302,0
DA:304,0
DA:305,0
DA:306,0
DA:313,3
DA:314,1
DA:319,1
DA:328,3
DA:329,9
DA:330,9
DA:332,9
DA:333,8
DA:334,1
DA:337,7
DA:338,0
DA:340,7
DA:342,7
DA:344,6
DA:351,2
DA:352,1
DA:354,1
LF:137
LH:95
BRDA:11,0,0,94
BRDA:11,0,1,0
BRDA:19,1,0,94
BRDA:19,1,1,0
BRDA:24,2,0,0
BRDA:24,2,1,94
BRDA:48,3,0,1
BRDA:48,3,1,92
BRDA:56,4,0,92
BRDA:56,4,1,0
BRDA:80,5,0,1
BRDA:80,5,1,3
BRDA:86,6,0,1
BRDA:86,6,1,2
BRDA:91,7,0,1
BRDA:91,7,1,1
BRDA:91,8,0,2
BRDA:91,8,1,1
BRDA:111,9,0,0
BRDA:111,9,1,1
BRDA:134,10,0,1
BRDA:134,10,1,2
BRDA:139,11,0,1
BRDA:139,11,1,1
BRDA:158,12,0,1
BRDA:158,12,1,2
BRDA:181,13,0,0
BRDA:181,13,1,1
BRDA:183,14,0,1
BRDA:183,14,1,0
BRDA:184,15,0,1
BRDA:184,15,1,0
BRDA:185,16,0,1
BRDA:185,16,1,0
BRDA:186,17,0,1
BRDA:186,17,1,0
BRDA:221,18,0,0
BRDA:221,18,1,0
BRDA:236,19,0,0
BRDA:236,19,1,0
BRDA:236,20,0,0
BRDA:236,20,1,0
BRDA:255,21,0,0
BRDA:255,21,1,0
BRDA:255,22,0,0
BRDA:255,22,1,0
BRDA:255,22,2,0
BRDA:255,23,0,0
BRDA:255,23,1,0
BRDA:260,24,0,0
BRDA:260,24,1,0
BRDA:267,25,0,0
BRDA:267,25,1,0
BRDA:272,26,0,0
BRDA:272,26,1,0
BRDA:277,27,0,0
BRDA:277,27,1,0
BRDA:285,28,0,0
BRDA:285,28,1,0
BRDA:291,29,0,0
BRDA:291,29,1,0
BRDA:301,30,0,0
BRDA:301,30,1,0
BRDA:305,31,0,0
BRDA:305,31,1,0
BRDA:333,32,0,1
BRDA:333,32,1,7
BRDA:337,33,0,0
BRDA:337,33,1,7
BRDA:337,34,0,7
BRDA:337,34,1,7
BRDA:351,35,0,1
BRDA:351,35,1,1
BRF:73
BRH:33
end_of_record
TN:
SF:controllers/dealController.js
FN:7,(anonymous_0)
FN:30,(anonymous_1)
FN:73,(anonymous_2)
FN:114,(anonymous_3)
FN:148,(anonymous_4)
FN:212,(anonymous_5)
FN:228,(anonymous_6)
FN:252,(anonymous_7)
FNF:8
FNH:8
FNDA:3,(anonymous_0)
FNDA:21,(anonymous_1)
FNDA:3,(anonymous_2)
FNDA:3,(anonymous_3)
FNDA:18,(anonymous_4)
FNDA:4,(anonymous_5)
FNDA:1,(anonymous_6)
FNDA:3,(anonymous_7)
DA:1,2
DA:2,2
DA:3,2
DA:7,2
DA:8,3
DA:10,3
DA:11,1
DA:14,0
DA:15,0
DA:19,3
DA:21,3
DA:30,2
DA:31,21
DA:32,21
DA:35,21
DA:36,1
DA:40,20
DA:41,20
DA:42,0
DA:45,20
DA:57,20
DA:58,20
DA:60,20
DA:65,0
DA:73,2
DA:74,3
DA:75,3
DA:76,3
DA:77,3
DA:79,3
DA:81,3
DA:93,3
DA:106,0
DA:114,2
DA:115,3
DA:116,3
DA:122,3
DA:123,1
DA:128,2
DA:131,2
DA:132,1
DA:135,1
DA:140,0
DA:148,2
DA:149,18
DA:150,18
DA:151,18
DA:153,18
DA:154,0
DA:157,18
DA:158,18
DA:159,18
DA:160,18
DA:163,18
DA:173,18
DA:175,18
DA:176,1
DA:179,17
DA:180,1
DA:184,16
DA:185,7
DA:186,7
DA:188,7
DA:189,1
DA:191,6
DA:192,0
DA:196,15
DA:197,15
DA:199,15
DA:204,0
DA:212,2
DA:213,4
DA:214,4
DA:216,4
DA:217,4
DA:218,1
DA:220,3
DA:221,1
DA:224,2
DA:225,1
DA:228,1
DA:234,1
DA:235,1
DA:236,1
DA:238,1
DA:244,0
DA:252,2
DA:253,3
DA:254,3
DA:256,3
DA:257,3
DA:258,1
DA:260,2
DA:261,1
DA:264,1
DA:265,1
DA:267,1
DA:273,0
LF:98
LH:87
BRDA:10,0,0,2
BRDA:10,0,1,1
BRDA:11,1,0,1
BRDA:11,1,1,0
BRDA:14,2,0,0
BRDA:14,2,1,0
BRDA:19,3,0,0
BRDA:19,3,1,3
BRDA:35,4,0,1
BRDA:35,4,1,20
BRDA:41,5,0,0
BRDA:41,5,1,20
BRDA:49,6,0,20
BRDA:49,6,1,19
BRDA:75,7,0,3
BRDA:75,7,1,2
BRDA:76,8,0,3
BRDA:76,8,1,2
BRDA:122,9,0,1
BRDA:122,9,1,2
BRDA:128,10,0,2
BRDA:128,10,1,1
BRDA:131,11,0,1
BRDA:131,11,1,1
BRDA:131,12,0,2
BRDA:131,12,1,1
BRDA:153,13,0,0
BRDA:153,13,1,18
BRDA:164,14,0,18
BRDA:164,14,1,10
BRDA:165,15,0,18
BRDA:165,15,1,10
BRDA:169,16,0,18
BRDA:169,16,1,10
BRDA:175,17,0,1
BRDA:175,17,1,17
BRDA:179,18,0,1
BRDA:179,18,1,16
BRDA:184,19,0,7
BRDA:184,19,1,9
BRDA:188,20,0,1
BRDA:188,20,1,6
BRDA:188,21,0,7
BRDA:188,21,1,7
BRDA:191,22,0,0
BRDA:191,22,1,6
BRDA:191,23,0,6
BRDA:191,23,1,6
BRDA:216,24,0,0
BRDA:216,24,1,4
BRDA:217,25,0,1
BRDA:217,25,1,3
BRDA:220,26,0,1
BRDA:220,26,1,2
BRDA:224,27,0,1
BRDA:224,27,1,1
BRDA:224,28,0,2
BRDA:224,28,1,1
BRDA:230,29,0,1
BRDA:230,29,1,0
BRDA:256,30,0,0
BRDA:256,30,1,3
BRDA:257,31,0,1
BRDA:257,31,1,2
BRDA:260,32,0,1
BRDA:260,32,1,1
BRF:66
BRH:56
end_of_record
TN:
SF:middleware/auth.js
FN:8,(anonymous_0)
FN:51,(anonymous_1)
FN:52,(anonymous_2)
FN:66,(anonymous_3)
FNF:4
FNH:4
FNDA:77,(anonymous_0)
FNDA:2,(anonymous_1)
FNDA:2,(anonymous_2)
FNDA:4,(anonymous_3)
DA:1,3
DA:2,3
DA:3,3
DA:8,3
DA:9,77
DA:12,77
DA:13,74
DA:16,77
DA:17,3
DA:21,74
DA:24,73
DA:25,73
DA:26,1
DA:30,72
DA:31,1
DA:35,71
DA:36,1
DA:40,70
DA:41,70
DA:43,1
DA:51,3
DA:52,2
DA:53,2
DA:54,1
DA:58,1
DA:66,3
DA:67,4
DA:69,4
DA:70,3
DA:72,4
DA:74,3
DA:75,2
DA:76,2
DA:77,2
DA:80,1
LF:35
LH:35
BRDA:12,0,0,74
BRDA:12,0,1,3
BRDA:12,1,0,77
BRDA:12,1,1,74
BRDA:16,2,0,3
BRDA:16,2,1,74
BRDA:25,3,0,1
BRDA:25,3,1,72
BRDA:30,4,0,1
BRDA:30,4,1,71
BRDA:30,5,0,72
BRDA:30,5,1,1
BRDA:35,6,0,1
BRDA:35,6,1,70
BRDA:53,7,0,1
BRDA:53,7,1,1
BRDA:69,8,0,3
BRDA:69,8,1,1
BRDA:69,9,0,4
BRDA:69,9,1,3
BRDA:72,10,0,1
BRDA:72,10,1,3
BRDA:76,11,0,1
BRDA:76,11,1,1
BRF:24
BRH:24
end_of_record
TN:
SF:middleware/errorHandler.js
FN:3,(anonymous_0)
FN:8,(anonymous_1)
FN:14,(anonymous_2)
FN:15,(anonymous_3)
FN:20,(anonymous_4)
FN:23,(anonymous_5)
FN:26,(anonymous_6)
FN:36,(anonymous_7)
FN:56,(anonymous_8)
FNF:9
FNH:9
FNDA:1,(anonymous_0)
FNDA:1,(anonymous_1)
FNDA:1,(anonymous_2)
FNDA:1,(anonymous_3)
FNDA:1,(anonymous_4)
FNDA:1,(anonymous_5)
FNDA:1,(anonymous_6)
FNDA:26,(anonymous_7)
FNDA:27,(anonymous_8)
DA:1,3
DA:3,3
DA:4,1
DA:5,1
DA:8,3
DA:9,1
DA:10,1
DA:11,1
DA:14,3
DA:15,1
DA:16,1
DA:17,1
DA:20,3
DA:21,1
DA:23,3
DA:24,1
DA:26,3
DA:27,1
DA:36,3
DA:38,26
DA:39,25
DA:47,1
DA:48,1
DA:56,3
DA:57,27
DA:58,27
DA:60,27
DA:61,1
DA:63,26
DA:64,26
DA:65,26
DA:66,26
DA:68,26
DA:69,26
DA:70,26
DA:71,26
DA:72,26
DA:74,26
LF:38
LH:38
BRDA:38,0,0,25
BRDA:38,0,1,1
BRDA:57,1,0,27
BRDA:57,1,1,6
BRDA:58,2,0,27
BRDA:58,2,1,6
BRDA:60,3,0,1
BRDA:60,3,1,26
BRDA:68,4,0,1
BRDA:68,4,1,25
BRDA:69,5,0,1
BRDA:69,5,1,25
BRDA:70,6,0,1
BRDA:70,6,1,25
BRDA:71,7,0,1
BRDA:71,7,1,25
BRDA:72,8,0,1
BRDA:72,8,1,25
BRF:18
BRH:18
end_of_record
TN:
SF:models/Deal.js
FN:48,(anonymous_0)
FNF:1
FNH:1
FNDA:37,(anonymous_0)
DA:1,2
DA:3,2
DA:5,2
DA:49,37
DA:61,2
DA:62,2
DA:63,2
DA:65,2
LF:8
LH:8
BRF:0
BRH:0
end_of_record
TN:
SF:models/User.js
FN:153,(anonymous_0)
FN:214,(anonymous_1)
FN:268,(anonymous_2)
FN:272,(anonymous_3)
FN:279,(anonymous_4)
FN:293,(anonymous_5)
FN:306,(anonymous_6)
FN:315,(anonymous_7)
FN:328,(anonymous_8)
FN:345,(anonymous_9)
FN:354,(anonymous_10)
FNF:11
FNH:11
FNDA:105,(anonymous_0)
FNDA:105,(anonymous_1)
FNDA:105,(anonymous_2)
FNDA:106,(anonymous_3)
FNDA:202,(anonymous_4)
FNDA:202,(anonymous_5)
FNDA:7,(anonymous_6)
FNDA:73,(anonymous_7)
FNDA:104,(anonymous_8)
FNDA:5,(anonymous_9)
FNDA:1,(anonymous_10)
DA:1,4
DA:2,4
DA:6,4
DA:7,4
DA:8,4
DA:12,4
DA:23,4
DA:40,4
DA:153,105
DA:214,105
DA:259,4
DA:260,4
DA:261,4
DA:262,4
DA:263,4
DA:264,4
DA:268,4
DA:269,105
DA:272,4
DA:273,106
DA:279,4
DA:280,202
DA:282,100
DA:283,100
DA:284,100
DA:287,100
DA:288,1
DA:293,4
DA:294,202
DA:295,99
DA:306,4
DA:307,7
DA:315,4
DA:316,73
DA:317,2
DA:318,2
DA:320,71
DA:328,4
DA:329,104
DA:330,104
DA:331,104
DA:332,104
DA:333,104
DA:334,104
DA:335,104
DA:345,4
DA:346,5
DA:354,4
DA:355,1
DA:360,4
DA:362,4
LF:51
LH:51
BRDA:273,0,0,106
BRDA:273,0,1,1
BRDA:280,1,0,102
BRDA:280,1,1,100
BRDA:280,2,0,202
BRDA:280,2,1,100
BRDA:282,3,0,100
BRDA:282,3,1,0
BRDA:287,4,0,1
BRDA:287,4,1,99
BRDA:294,5,0,99
BRDA:294,5,1,103
BRDA:316,6,0,2
BRDA:316,6,1,71
BRF:14
BRH:13
end_of_record
TN:
SF:routes/auth.js
FNF:0
FNH:0
DA:1,2
DA:2,2
DA:4,2
DA:5,2
DA:6,2
DA:9,2
DA:10,2
DA:11,2
DA:14,2
DA:15,2
DA:18,2
DA:20,2
DA:21,2
DA:22,2
DA:23,2
DA:24,2
DA:26,2
LF:17
LH:17
BRF:0
BRH:0
end_of_record
TN:
SF:routes/deals.js
FN:16,(anonymous_0)
FN:17,(anonymous_1)
FNF:2
FNH:2
FNDA:2,(anonymous_0)
FNDA:2,(anonymous_1)
DA:1,2
DA:2,2
DA:3,2
DA:5,2
DA:6,2
DA:12,2
DA:15,2
DA:16,2
DA:17,2
DA:19,2
DA:22,2
DA:25,2
DA:26,2
DA:27,2
DA:30,2
DA:33,2
DA:34,2
DA:36,2
LF:18
LH:18
BRF:0
BRH:0
end_of_record
TN:
SF:utils/AppError.js
FN:2,(anonymous_0)
FNF:1
FNH:1
FNDA:34,(anonymous_0)
DA:3,34
DA:5,34
DA:6,34
DA:7,34
DA:9,34
DA:13,3
LF:6
LH:6
BRDA:6,0,0,33
BRDA:6,0,1,1
BRF:2
BRH:2
end_of_record
TN:
SF:utils/helpers.js
FN:3,(anonymous_0)
FNF:1
FNH:1
FNDA:1,(anonymous_0)
DA:3,1
DA:7,1
LF:2
LH:2
BRF:0
BRH:0
end_of_record
TN:
SF:validators/index.js
FN:6,(anonymous_0)
FN:12,(anonymous_1)
FN:85,(anonymous_2)
FN:98,(anonymous_3)
FNF:4
FNH:4
FNDA:163,(anonymous_0)
FNDA:8,(anonymous_1)
FNDA:24,(anonymous_2)
FNDA:24,(anonymous_3)
DA:1,2
DA:6,2
DA:7,163
DA:8,163
DA:9,7
DA:12,8
DA:18,156
DA:23,2
DA:47,2
DA:60,2
DA:71,2
DA:85,24
DA:98,24
DA:103,2
DA:115,2
DA:122,2
LF:16
LH:16
BRDA:8,0,0,7
BRDA:8,0,1,156
BRF:2
BRH:2
end_of_record
